2022-09-11 20:34:40 [::1][-][-][error][yii\web\HttpException:401] yii\web\UnauthorizedHttpException: Your request was made with invalid credentials. in F:\apps\wamp64\www\aphamea_project\vendor\yiisoft\yii2\filters\auth\AuthMethod.php:93
Stack trace:
#0 F:\apps\wamp64\www\aphamea_project\vendor\yiisoft\yii2\filters\auth\AuthMethod.php(76): yii\filters\auth\AuthMethod->handleFailure(Object(yii\web\Response))
#1 F:\apps\wamp64\www\aphamea_project\vendor\yiisoft\yii2\filters\auth\CompositeAuth.php(57): yii\filters\auth\AuthMethod->beforeAction(Object(yii\base\InlineAction))
#2 F:\apps\wamp64\www\aphamea_project\vendor\yiisoft\yii2\base\ActionFilter.php(77): yii\filters\auth\CompositeAuth->beforeAction(Object(yii\base\InlineAction))
#3 [internal function]: yii\base\ActionFilter->beforeFilter(Object(yii\base\ActionEvent))
#4 F:\apps\wamp64\www\aphamea_project\vendor\yiisoft\yii2\base\Component.php(633): call_user_func(Array, Object(yii\base\ActionEvent))
#5 F:\apps\wamp64\www\aphamea_project\vendor\yiisoft\yii2\base\Controller.php(297): yii\base\Component->trigger('beforeAction', Object(yii\base\ActionEvent))
#6 F:\apps\wamp64\www\aphamea_project\vendor\yiisoft\yii2\web\Controller.php(221): yii\base\Controller->beforeAction(Object(yii\base\InlineAction))
#7 F:\apps\wamp64\www\aphamea_project\controllers\MedicineController.php(78): yii\web\Controller->beforeAction(Object(yii\base\InlineAction))
#8 F:\apps\wamp64\www\aphamea_project\vendor\yiisoft\yii2\base\Controller.php(176): app\controllers\MedicineController->beforeAction(Object(yii\base\InlineAction))
#9 F:\apps\wamp64\www\aphamea_project\vendor\yiisoft\yii2\base\Module.php(552): yii\base\Controller->runAction('get-all', Array)
#10 F:\apps\wamp64\www\aphamea_project\vendor\yiisoft\yii2\web\Application.php(103): yii\base\Module->runAction('medicine/get-al...', Array)
#11 F:\apps\wamp64\www\aphamea_project\vendor\yiisoft\yii2\base\Application.php(384): yii\web\Application->handleRequest(Object(yii\web\Request))
#12 F:\apps\wamp64\www\aphamea_project\web\index.php(12): yii\base\Application->run()
#13 {main}
2022-09-11 20:34:37 [::1][-][-][info][application] $_GET = []

$_POST = []

$_FILES = []

$_COOKIE = []

$_SERVER = [
    'HTTP_HOST' => 'localhost'
    'HTTP_CONNECTION' => 'keep-alive'
    'HTTP_SEC_CH_UA' => '\"Google Chrome\";v=\"105\", \"Not)A;Brand\";v=\"8\", \"Chromium\";v=\"105\"'
    'HTTP_CACHE_CONTROL' => 'no-cache'
    'HTTP_SEC_CH_UA_MOBILE' => '?0'
    'HTTP_USER_AGENT' => 'Mozilla/5.0 (Windows NT 10.0; Win64; x64) AppleWebKit/537.36 (KHTML, like Gecko) Chrome/105.0.0.0 Safari/537.36'
    'HTTP_SEC_CH_UA_PLATFORM' => '\"Windows\"'
    'HTTP_POSTMAN_TOKEN' => '2985d95d-6e68-c908-7598-d9d201f689af'
    'HTTP_ACCEPT' => '*/*'
    'HTTP_SEC_FETCH_SITE' => 'none'
    'HTTP_SEC_FETCH_MODE' => 'cors'
    'HTTP_SEC_FETCH_DEST' => 'empty'
    'HTTP_ACCEPT_ENCODING' => 'gzip, deflate, br'
    'HTTP_ACCEPT_LANGUAGE' => 'en-US,en;q=0.9'
    'PATH' => 'C:\\Program Files (x86)\\Common Files\\Oracle\\Java\\javapath;C:\\Windows\\system32;C:\\Windows;C:\\Windows\\System32\\Wbem;C:\\Windows\\System32\\WindowsPowerShell\\v1.0\\;C:\\Windows\\System32\\OpenSSH\\;C:\\Program Files (x86)\\NVIDIA Corporation\\PhysX\\Common;C:\\Program Files\\NVIDIA Corporation\\NVIDIA NvDLISR;C:\\Users\\USER\\AppData\\Local\\Programs\\Python\\Python310\\;C:\\Users\\USER\\AppData\\Local\\Programs\\Python\\Python310\\Scripts\\;C:\\Program Files\\nodejs\\;C:\\Program Files\\MongoDB\\Server\\5.0\\bin;C:\\Program Files\\MongoDB\\Tools\\100\\bin;F:\\apps\\Git\\cmd;F:\\apps\\xampp\\php;F:\\apps\\xamppp\\php;C:\\ProgramData\\ComposerSetup\\bin;C:\\Program Files\\PuTTY\\;C:\\Windows\\system32\\config\\systemprofile\\AppData\\Local\\Microsoft\\WindowsApps'
    'SystemRoot' => 'C:\\Windows'
    'COMSPEC' => 'C:\\Windows\\system32\\cmd.exe'
    'PATHEXT' => '.COM;.EXE;.BAT;.CMD;.VBS;.VBE;.JS;.JSE;.WSF;.WSH;.MSC'
    'WINDIR' => 'C:\\Windows'
    'SERVER_SIGNATURE' => '<address>Apache/2.4.51 (Win64) PHP/7.4.26 Server at localhost Port 80</address>
'
    'SERVER_SOFTWARE' => 'Apache/2.4.51 (Win64) PHP/7.4.26'
    'SERVER_NAME' => 'localhost'
    'SERVER_ADDR' => '::1'
    'SERVER_PORT' => '80'
    'REMOTE_ADDR' => '::1'
    'DOCUMENT_ROOT' => 'F:/apps/wamp64/www'
    'REQUEST_SCHEME' => 'http'
    'CONTEXT_PREFIX' => ''
    'CONTEXT_DOCUMENT_ROOT' => 'F:/apps/wamp64/www'
    'SERVER_ADMIN' => 'wampserver@wampserver.invalid'
    'SCRIPT_FILENAME' => 'F:/apps/wamp64/www/aphamea_project/web/index.php'
    'REMOTE_PORT' => '5592'
    'GATEWAY_INTERFACE' => 'CGI/1.1'
    'SERVER_PROTOCOL' => 'HTTP/1.1'
    'REQUEST_METHOD' => 'GET'
    'QUERY_STRING' => ''
    'REQUEST_URI' => '/aphamea_project/web/index.php/medicine/get-all'
    'SCRIPT_NAME' => '/aphamea_project/web/index.php'
    'PATH_INFO' => '/medicine/get-all'
    'PATH_TRANSLATED' => 'F:\\apps\\wamp64\\www\\medicine\\get-all'
    'PHP_SELF' => '/aphamea_project/web/index.php/medicine/get-all'
    'REQUEST_TIME_FLOAT' => 1662928477.0281
    'REQUEST_TIME' => 1662928477
]
2022-09-11 20:35:23 [::1][-][-][error][yii\base\InvalidArgumentException] yii\base\UnknownMethodException: Calling unknown method: app\models\Medicine::getcategories() in F:\apps\wamp64\www\aphamea_project\vendor\yiisoft\yii2\base\Component.php:300
Stack trace:
#0 F:\apps\wamp64\www\aphamea_project\vendor\yiisoft\yii2\db\BaseActiveRecord.php(1243): yii\base\Component->__call('getcategories', Array)
#1 F:\apps\wamp64\www\aphamea_project\vendor\yiisoft\yii2\db\ActiveQueryTrait.php(177): yii\db\BaseActiveRecord->getRelation('categories')
#2 F:\apps\wamp64\www\aphamea_project\vendor\yiisoft\yii2\db\ActiveQueryTrait.php(144): yii\db\ActiveQuery->normalizeRelations(Object(app\models\Medicine), Array)
#3 F:\apps\wamp64\www\aphamea_project\vendor\yiisoft\yii2\db\ActiveQuery.php(224): yii\db\ActiveQuery->findWith(Array, Array)
#4 F:\apps\wamp64\www\aphamea_project\vendor\yiisoft\yii2\db\Query.php(251): yii\db\ActiveQuery->populate(Array)
#5 F:\apps\wamp64\www\aphamea_project\vendor\yiisoft\yii2\db\ActiveQuery.php(133): yii\db\Query->all(NULL)
#6 F:\apps\wamp64\www\aphamea_project\controllers\MedicineController.php(444): yii\db\ActiveQuery->all()
#7 [internal function]: app\controllers\MedicineController->actionGetAll(NULL)
#8 F:\apps\wamp64\www\aphamea_project\vendor\yiisoft\yii2\base\InlineAction.php(57): call_user_func_array(Array, Array)
#9 F:\apps\wamp64\www\aphamea_project\vendor\yiisoft\yii2\base\Controller.php(178): yii\base\InlineAction->runWithParams(Array)
#10 F:\apps\wamp64\www\aphamea_project\vendor\yiisoft\yii2\base\Module.php(552): yii\base\Controller->runAction('get-all', Array)
#11 F:\apps\wamp64\www\aphamea_project\vendor\yiisoft\yii2\web\Application.php(103): yii\base\Module->runAction('medicine/get-al...', Array)
#12 F:\apps\wamp64\www\aphamea_project\vendor\yiisoft\yii2\base\Application.php(384): yii\web\Application->handleRequest(Object(yii\web\Request))
#13 F:\apps\wamp64\www\aphamea_project\web\index.php(12): yii\base\Application->run()
#14 {main}

Next yii\base\InvalidArgumentException: app\models\Medicine has no relation named "categories". in F:\apps\wamp64\www\aphamea_project\vendor\yiisoft\yii2\db\BaseActiveRecord.php:1246
Stack trace:
#0 F:\apps\wamp64\www\aphamea_project\vendor\yiisoft\yii2\db\ActiveQueryTrait.php(177): yii\db\BaseActiveRecord->getRelation('categories')
#1 F:\apps\wamp64\www\aphamea_project\vendor\yiisoft\yii2\db\ActiveQueryTrait.php(144): yii\db\ActiveQuery->normalizeRelations(Object(app\models\Medicine), Array)
#2 F:\apps\wamp64\www\aphamea_project\vendor\yiisoft\yii2\db\ActiveQuery.php(224): yii\db\ActiveQuery->findWith(Array, Array)
#3 F:\apps\wamp64\www\aphamea_project\vendor\yiisoft\yii2\db\Query.php(251): yii\db\ActiveQuery->populate(Array)
#4 F:\apps\wamp64\www\aphamea_project\vendor\yiisoft\yii2\db\ActiveQuery.php(133): yii\db\Query->all(NULL)
#5 F:\apps\wamp64\www\aphamea_project\controllers\MedicineController.php(444): yii\db\ActiveQuery->all()
#6 [internal function]: app\controllers\MedicineController->actionGetAll(NULL)
#7 F:\apps\wamp64\www\aphamea_project\vendor\yiisoft\yii2\base\InlineAction.php(57): call_user_func_array(Array, Array)
#8 F:\apps\wamp64\www\aphamea_project\vendor\yiisoft\yii2\base\Controller.php(178): yii\base\InlineAction->runWithParams(Array)
#9 F:\apps\wamp64\www\aphamea_project\vendor\yiisoft\yii2\base\Module.php(552): yii\base\Controller->runAction('get-all', Array)
#10 F:\apps\wamp64\www\aphamea_project\vendor\yiisoft\yii2\web\Application.php(103): yii\base\Module->runAction('medicine/get-al...', Array)
#11 F:\apps\wamp64\www\aphamea_project\vendor\yiisoft\yii2\base\Application.php(384): yii\web\Application->handleRequest(Object(yii\web\Request))
#12 F:\apps\wamp64\www\aphamea_project\web\index.php(12): yii\base\Application->run()
#13 {main}
2022-09-11 20:35:22 [::1][-][-][info][application] $_GET = []

$_POST = []

$_FILES = []

$_COOKIE = []

$_SERVER = [
    'HTTP_HOST' => 'localhost'
    'HTTP_CONNECTION' => 'keep-alive'
    'HTTP_SEC_CH_UA' => '\"Google Chrome\";v=\"105\", \"Not)A;Brand\";v=\"8\", \"Chromium\";v=\"105\"'
    'HTTP_CACHE_CONTROL' => 'no-cache'
    'HTTP_SEC_CH_UA_MOBILE' => '?0'
    'HTTP_USER_AGENT' => 'Mozilla/5.0 (Windows NT 10.0; Win64; x64) AppleWebKit/537.36 (KHTML, like Gecko) Chrome/105.0.0.0 Safari/537.36'
    'HTTP_SEC_CH_UA_PLATFORM' => '\"Windows\"'
    'HTTP_POSTMAN_TOKEN' => '92a8ac96-3e3e-b35f-5c14-e11f9d00aff6'
    'HTTP_ACCEPT' => '*/*'
    'HTTP_SEC_FETCH_SITE' => 'none'
    'HTTP_SEC_FETCH_MODE' => 'cors'
    'HTTP_SEC_FETCH_DEST' => 'empty'
    'HTTP_ACCEPT_ENCODING' => 'gzip, deflate, br'
    'HTTP_ACCEPT_LANGUAGE' => 'en-US,en;q=0.9'
    'PATH' => 'C:\\Program Files (x86)\\Common Files\\Oracle\\Java\\javapath;C:\\Windows\\system32;C:\\Windows;C:\\Windows\\System32\\Wbem;C:\\Windows\\System32\\WindowsPowerShell\\v1.0\\;C:\\Windows\\System32\\OpenSSH\\;C:\\Program Files (x86)\\NVIDIA Corporation\\PhysX\\Common;C:\\Program Files\\NVIDIA Corporation\\NVIDIA NvDLISR;C:\\Users\\USER\\AppData\\Local\\Programs\\Python\\Python310\\;C:\\Users\\USER\\AppData\\Local\\Programs\\Python\\Python310\\Scripts\\;C:\\Program Files\\nodejs\\;C:\\Program Files\\MongoDB\\Server\\5.0\\bin;C:\\Program Files\\MongoDB\\Tools\\100\\bin;F:\\apps\\Git\\cmd;F:\\apps\\xampp\\php;F:\\apps\\xamppp\\php;C:\\ProgramData\\ComposerSetup\\bin;C:\\Program Files\\PuTTY\\;C:\\Windows\\system32\\config\\systemprofile\\AppData\\Local\\Microsoft\\WindowsApps'
    'SystemRoot' => 'C:\\Windows'
    'COMSPEC' => 'C:\\Windows\\system32\\cmd.exe'
    'PATHEXT' => '.COM;.EXE;.BAT;.CMD;.VBS;.VBE;.JS;.JSE;.WSF;.WSH;.MSC'
    'WINDIR' => 'C:\\Windows'
    'SERVER_SIGNATURE' => '<address>Apache/2.4.51 (Win64) PHP/7.4.26 Server at localhost Port 80</address>
'
    'SERVER_SOFTWARE' => 'Apache/2.4.51 (Win64) PHP/7.4.26'
    'SERVER_NAME' => 'localhost'
    'SERVER_ADDR' => '::1'
    'SERVER_PORT' => '80'
    'REMOTE_ADDR' => '::1'
    'DOCUMENT_ROOT' => 'F:/apps/wamp64/www'
    'REQUEST_SCHEME' => 'http'
    'CONTEXT_PREFIX' => ''
    'CONTEXT_DOCUMENT_ROOT' => 'F:/apps/wamp64/www'
    'SERVER_ADMIN' => 'wampserver@wampserver.invalid'
    'SCRIPT_FILENAME' => 'F:/apps/wamp64/www/aphamea_project/web/index.php'
    'REMOTE_PORT' => '5627'
    'GATEWAY_INTERFACE' => 'CGI/1.1'
    'SERVER_PROTOCOL' => 'HTTP/1.1'
    'REQUEST_METHOD' => 'GET'
    'QUERY_STRING' => ''
    'REQUEST_URI' => '/aphamea_project/web/index.php/medicine/get-all'
    'SCRIPT_NAME' => '/aphamea_project/web/index.php'
    'PATH_INFO' => '/medicine/get-all'
    'PATH_TRANSLATED' => 'F:\\apps\\wamp64\\www\\medicine\\get-all'
    'PHP_SELF' => '/aphamea_project/web/index.php/medicine/get-all'
    'REQUEST_TIME_FLOAT' => 1662928522.5651
    'REQUEST_TIME' => 1662928522
]
2022-09-11 20:37:46 [::1][-][-][error][yii\web\HttpException:401] yii\web\UnauthorizedHttpException: Your request was made with invalid credentials. in F:\apps\wamp64\www\aphamea_project\vendor\yiisoft\yii2\filters\auth\AuthMethod.php:93
Stack trace:
#0 F:\apps\wamp64\www\aphamea_project\vendor\yiisoft\yii2\filters\auth\AuthMethod.php(76): yii\filters\auth\AuthMethod->handleFailure(Object(yii\web\Response))
#1 F:\apps\wamp64\www\aphamea_project\vendor\yiisoft\yii2\filters\auth\CompositeAuth.php(57): yii\filters\auth\AuthMethod->beforeAction(Object(yii\base\InlineAction))
#2 F:\apps\wamp64\www\aphamea_project\vendor\yiisoft\yii2\base\ActionFilter.php(77): yii\filters\auth\CompositeAuth->beforeAction(Object(yii\base\InlineAction))
#3 [internal function]: yii\base\ActionFilter->beforeFilter(Object(yii\base\ActionEvent))
#4 F:\apps\wamp64\www\aphamea_project\vendor\yiisoft\yii2\base\Component.php(633): call_user_func(Array, Object(yii\base\ActionEvent))
#5 F:\apps\wamp64\www\aphamea_project\vendor\yiisoft\yii2\base\Controller.php(297): yii\base\Component->trigger('beforeAction', Object(yii\base\ActionEvent))
#6 F:\apps\wamp64\www\aphamea_project\vendor\yiisoft\yii2\web\Controller.php(221): yii\base\Controller->beforeAction(Object(yii\base\InlineAction))
#7 F:\apps\wamp64\www\aphamea_project\controllers\MedicineController.php(78): yii\web\Controller->beforeAction(Object(yii\base\InlineAction))
#8 F:\apps\wamp64\www\aphamea_project\vendor\yiisoft\yii2\base\Controller.php(176): app\controllers\MedicineController->beforeAction(Object(yii\base\InlineAction))
#9 F:\apps\wamp64\www\aphamea_project\vendor\yiisoft\yii2\base\Module.php(552): yii\base\Controller->runAction('get-all', Array)
#10 F:\apps\wamp64\www\aphamea_project\vendor\yiisoft\yii2\web\Application.php(103): yii\base\Module->runAction('medicine/get-al...', Array)
#11 F:\apps\wamp64\www\aphamea_project\vendor\yiisoft\yii2\base\Application.php(384): yii\web\Application->handleRequest(Object(yii\web\Request))
#12 F:\apps\wamp64\www\aphamea_project\web\index.php(12): yii\base\Application->run()
#13 {main}
2022-09-11 20:37:46 [::1][-][-][info][application] $_GET = []

$_POST = []

$_FILES = []

$_COOKIE = []

$_SERVER = [
    'HTTP_HOST' => 'localhost'
    'HTTP_CONNECTION' => 'keep-alive'
    'HTTP_SEC_CH_UA' => '\"Google Chrome\";v=\"105\", \"Not)A;Brand\";v=\"8\", \"Chromium\";v=\"105\"'
    'HTTP_CACHE_CONTROL' => 'no-cache'
    'HTTP_SEC_CH_UA_MOBILE' => '?0'
    'HTTP_USER_AGENT' => 'Mozilla/5.0 (Windows NT 10.0; Win64; x64) AppleWebKit/537.36 (KHTML, like Gecko) Chrome/105.0.0.0 Safari/537.36'
    'HTTP_SEC_CH_UA_PLATFORM' => '\"Windows\"'
    'HTTP_POSTMAN_TOKEN' => '6edc9185-e358-7b05-3859-aa2ea26c76d0'
    'HTTP_ACCEPT' => '*/*'
    'HTTP_SEC_FETCH_SITE' => 'none'
    'HTTP_SEC_FETCH_MODE' => 'cors'
    'HTTP_SEC_FETCH_DEST' => 'empty'
    'HTTP_ACCEPT_ENCODING' => 'gzip, deflate, br'
    'HTTP_ACCEPT_LANGUAGE' => 'en-US,en;q=0.9'
    'PATH' => 'C:\\Program Files (x86)\\Common Files\\Oracle\\Java\\javapath;C:\\Windows\\system32;C:\\Windows;C:\\Windows\\System32\\Wbem;C:\\Windows\\System32\\WindowsPowerShell\\v1.0\\;C:\\Windows\\System32\\OpenSSH\\;C:\\Program Files (x86)\\NVIDIA Corporation\\PhysX\\Common;C:\\Program Files\\NVIDIA Corporation\\NVIDIA NvDLISR;C:\\Users\\USER\\AppData\\Local\\Programs\\Python\\Python310\\;C:\\Users\\USER\\AppData\\Local\\Programs\\Python\\Python310\\Scripts\\;C:\\Program Files\\nodejs\\;C:\\Program Files\\MongoDB\\Server\\5.0\\bin;C:\\Program Files\\MongoDB\\Tools\\100\\bin;F:\\apps\\Git\\cmd;F:\\apps\\xampp\\php;F:\\apps\\xamppp\\php;C:\\ProgramData\\ComposerSetup\\bin;C:\\Program Files\\PuTTY\\;C:\\Windows\\system32\\config\\systemprofile\\AppData\\Local\\Microsoft\\WindowsApps'
    'SystemRoot' => 'C:\\Windows'
    'COMSPEC' => 'C:\\Windows\\system32\\cmd.exe'
    'PATHEXT' => '.COM;.EXE;.BAT;.CMD;.VBS;.VBE;.JS;.JSE;.WSF;.WSH;.MSC'
    'WINDIR' => 'C:\\Windows'
    'SERVER_SIGNATURE' => '<address>Apache/2.4.51 (Win64) PHP/7.4.26 Server at localhost Port 80</address>
'
    'SERVER_SOFTWARE' => 'Apache/2.4.51 (Win64) PHP/7.4.26'
    'SERVER_NAME' => 'localhost'
    'SERVER_ADDR' => '::1'
    'SERVER_PORT' => '80'
    'REMOTE_ADDR' => '::1'
    'DOCUMENT_ROOT' => 'F:/apps/wamp64/www'
    'REQUEST_SCHEME' => 'http'
    'CONTEXT_PREFIX' => ''
    'CONTEXT_DOCUMENT_ROOT' => 'F:/apps/wamp64/www'
    'SERVER_ADMIN' => 'wampserver@wampserver.invalid'
    'SCRIPT_FILENAME' => 'F:/apps/wamp64/www/aphamea_project/web/index.php'
    'REMOTE_PORT' => '5668'
    'GATEWAY_INTERFACE' => 'CGI/1.1'
    'SERVER_PROTOCOL' => 'HTTP/1.1'
    'REQUEST_METHOD' => 'GET'
    'QUERY_STRING' => ''
    'REQUEST_URI' => '/aphamea_project/web/index.php/medicine/get-all'
    'SCRIPT_NAME' => '/aphamea_project/web/index.php'
    'PATH_INFO' => '/medicine/get-all'
    'PATH_TRANSLATED' => 'F:\\apps\\wamp64\\www\\medicine\\get-all'
    'PHP_SELF' => '/aphamea_project/web/index.php/medicine/get-all'
    'REQUEST_TIME_FLOAT' => 1662928666.8838
    'REQUEST_TIME' => 1662928666
]
2022-09-11 20:40:00 [::1][-][-][error][yii\web\HttpException:401] yii\web\UnauthorizedHttpException: Your request was made with invalid credentials. in F:\apps\wamp64\www\aphamea_project\vendor\yiisoft\yii2\filters\auth\AuthMethod.php:93
Stack trace:
#0 F:\apps\wamp64\www\aphamea_project\vendor\yiisoft\yii2\filters\auth\AuthMethod.php(76): yii\filters\auth\AuthMethod->handleFailure(Object(yii\web\Response))
#1 F:\apps\wamp64\www\aphamea_project\vendor\yiisoft\yii2\filters\auth\CompositeAuth.php(57): yii\filters\auth\AuthMethod->beforeAction(Object(yii\base\InlineAction))
#2 F:\apps\wamp64\www\aphamea_project\vendor\yiisoft\yii2\base\ActionFilter.php(77): yii\filters\auth\CompositeAuth->beforeAction(Object(yii\base\InlineAction))
#3 [internal function]: yii\base\ActionFilter->beforeFilter(Object(yii\base\ActionEvent))
#4 F:\apps\wamp64\www\aphamea_project\vendor\yiisoft\yii2\base\Component.php(633): call_user_func(Array, Object(yii\base\ActionEvent))
#5 F:\apps\wamp64\www\aphamea_project\vendor\yiisoft\yii2\base\Controller.php(297): yii\base\Component->trigger('beforeAction', Object(yii\base\ActionEvent))
#6 F:\apps\wamp64\www\aphamea_project\vendor\yiisoft\yii2\web\Controller.php(221): yii\base\Controller->beforeAction(Object(yii\base\InlineAction))
#7 F:\apps\wamp64\www\aphamea_project\controllers\CategoryController.php(74): yii\web\Controller->beforeAction(Object(yii\base\InlineAction))
#8 F:\apps\wamp64\www\aphamea_project\vendor\yiisoft\yii2\base\Controller.php(176): app\controllers\CategoryController->beforeAction(Object(yii\base\InlineAction))
#9 F:\apps\wamp64\www\aphamea_project\vendor\yiisoft\yii2\base\Module.php(552): yii\base\Controller->runAction('get-medicines', Array)
#10 F:\apps\wamp64\www\aphamea_project\vendor\yiisoft\yii2\web\Application.php(103): yii\base\Module->runAction('category/get-me...', Array)
#11 F:\apps\wamp64\www\aphamea_project\vendor\yiisoft\yii2\base\Application.php(384): yii\web\Application->handleRequest(Object(yii\web\Request))
#12 F:\apps\wamp64\www\aphamea_project\web\index.php(12): yii\base\Application->run()
#13 {main}
2022-09-11 20:40:00 [::1][-][-][info][application] $_GET = [
    'categoryId' => 'null'
]

$_POST = []

$_FILES = []

$_COOKIE = []

$_SERVER = [
    'HTTP_HOST' => 'localhost'
    'HTTP_CONNECTION' => 'keep-alive'
    'CONTENT_LENGTH' => '11'
    'HTTP_SEC_CH_UA' => '\"Google Chrome\";v=\"105\", \"Not)A;Brand\";v=\"8\", \"Chromium\";v=\"105\"'
    'HTTP_CACHE_CONTROL' => 'no-cache'
    'CONTENT_TYPE' => 'text/plain;charset=UTF-8'
    'HTTP_SEC_CH_UA_MOBILE' => '?0'
    'HTTP_USER_AGENT' => 'Mozilla/5.0 (Windows NT 10.0; Win64; x64) AppleWebKit/537.36 (KHTML, like Gecko) Chrome/105.0.0.0 Safari/537.36'
    'HTTP_SEC_CH_UA_PLATFORM' => '\"Windows\"'
    'HTTP_POSTMAN_TOKEN' => '80a56d44-31d8-53fb-e05b-80ea875e06ac'
    'HTTP_ACCEPT' => '*/*'
    'HTTP_ORIGIN' => 'chrome-extension://fhbjgbiflinjbdggehcddcbncdddomop'
    'HTTP_SEC_FETCH_SITE' => 'none'
    'HTTP_SEC_FETCH_MODE' => 'cors'
    'HTTP_SEC_FETCH_DEST' => 'empty'
    'HTTP_ACCEPT_ENCODING' => 'gzip, deflate, br'
    'HTTP_ACCEPT_LANGUAGE' => 'en-US,en;q=0.9'
    'PATH' => 'C:\\Program Files (x86)\\Common Files\\Oracle\\Java\\javapath;C:\\Windows\\system32;C:\\Windows;C:\\Windows\\System32\\Wbem;C:\\Windows\\System32\\WindowsPowerShell\\v1.0\\;C:\\Windows\\System32\\OpenSSH\\;C:\\Program Files (x86)\\NVIDIA Corporation\\PhysX\\Common;C:\\Program Files\\NVIDIA Corporation\\NVIDIA NvDLISR;C:\\Users\\USER\\AppData\\Local\\Programs\\Python\\Python310\\;C:\\Users\\USER\\AppData\\Local\\Programs\\Python\\Python310\\Scripts\\;C:\\Program Files\\nodejs\\;C:\\Program Files\\MongoDB\\Server\\5.0\\bin;C:\\Program Files\\MongoDB\\Tools\\100\\bin;F:\\apps\\Git\\cmd;F:\\apps\\xampp\\php;F:\\apps\\xamppp\\php;C:\\ProgramData\\ComposerSetup\\bin;C:\\Program Files\\PuTTY\\;C:\\Windows\\system32\\config\\systemprofile\\AppData\\Local\\Microsoft\\WindowsApps'
    'SystemRoot' => 'C:\\Windows'
    'COMSPEC' => 'C:\\Windows\\system32\\cmd.exe'
    'PATHEXT' => '.COM;.EXE;.BAT;.CMD;.VBS;.VBE;.JS;.JSE;.WSF;.WSH;.MSC'
    'WINDIR' => 'C:\\Windows'
    'SERVER_SIGNATURE' => '<address>Apache/2.4.51 (Win64) PHP/7.4.26 Server at localhost Port 80</address>
'
    'SERVER_SOFTWARE' => 'Apache/2.4.51 (Win64) PHP/7.4.26'
    'SERVER_NAME' => 'localhost'
    'SERVER_ADDR' => '::1'
    'SERVER_PORT' => '80'
    'REMOTE_ADDR' => '::1'
    'DOCUMENT_ROOT' => 'F:/apps/wamp64/www'
    'REQUEST_SCHEME' => 'http'
    'CONTEXT_PREFIX' => ''
    'CONTEXT_DOCUMENT_ROOT' => 'F:/apps/wamp64/www'
    'SERVER_ADMIN' => 'wampserver@wampserver.invalid'
    'SCRIPT_FILENAME' => 'F:/apps/wamp64/www/aphamea_project/web/index.php'
    'REMOTE_PORT' => '5687'
    'GATEWAY_INTERFACE' => 'CGI/1.1'
    'SERVER_PROTOCOL' => 'HTTP/1.1'
    'REQUEST_METHOD' => 'POST'
    'QUERY_STRING' => 'categoryId=null'
    'REQUEST_URI' => '/aphamea_project/web/index.php/category/get-medicines?categoryId=null'
    'SCRIPT_NAME' => '/aphamea_project/web/index.php'
    'PATH_INFO' => '/category/get-medicines'
    'PATH_TRANSLATED' => 'F:\\apps\\wamp64\\www\\category\\get-medicines'
    'PHP_SELF' => '/aphamea_project/web/index.php/category/get-medicines'
    'REQUEST_TIME_FLOAT' => 1662928800.1462
    'REQUEST_TIME' => 1662928800
]
2022-09-12 14:01:06 [-][-][-][error][yii\db\Exception] PDOException: SQLSTATE[HY000] [2002] No connection could be made because the target machine actively refused it.
 in F:\apps\wamp64\www\aphamea_project\vendor\yiisoft\yii2\db\Connection.php:721
Stack trace:
#0 F:\apps\wamp64\www\aphamea_project\vendor\yiisoft\yii2\db\Connection.php(721): PDO->__construct('mysql:host=loca...', 'root', '', Array)
#1 F:\apps\wamp64\www\aphamea_project\vendor\yiisoft\yii2\db\Connection.php(636): yii\db\Connection->createPdoInstance()
#2 F:\apps\wamp64\www\aphamea_project\vendor\yiisoft\yii2\db\Connection.php(1066): yii\db\Connection->open()
#3 F:\apps\wamp64\www\aphamea_project\vendor\yiisoft\yii2\db\Connection.php(1053): yii\db\Connection->getMasterPdo()
#4 F:\apps\wamp64\www\aphamea_project\vendor\yiisoft\yii2\db\Command.php(261): yii\db\Connection->getSlavePdo()
#5 F:\apps\wamp64\www\aphamea_project\vendor\yiisoft\yii2\db\Command.php(1163): yii\db\Command->prepare(true)
#6 F:\apps\wamp64\www\aphamea_project\vendor\yiisoft\yii2\db\Command.php(453): yii\db\Command->queryInternal('fetchAll', 7)
#7 F:\apps\wamp64\www\aphamea_project\vendor\yiisoft\yii2\db\mysql\Schema.php(114): yii\db\Command->queryColumn()
#8 F:\apps\wamp64\www\aphamea_project\vendor\yiisoft\yii2\db\Schema.php(235): yii\db\mysql\Schema->findTableNames('')
#9 F:\apps\wamp64\www\aphamea_project\vendor\yiisoft\yii2\db\Schema.php(778): yii\db\Schema->getTableNames('', false)
#10 F:\apps\wamp64\www\aphamea_project\vendor\yiisoft\yii2\db\Schema.php(205): yii\db\Schema->getSchemaMetadata('', 'schema', false)
#11 F:\apps\wamp64\www\aphamea_project\vendor\yiisoft\yii2\console\controllers\MigrateController.php(300): yii\db\Schema->getTableSchemas()
#12 F:\apps\wamp64\www\aphamea_project\vendor\yiisoft\yii2\console\controllers\BaseMigrateController.php(486): yii\console\controllers\MigrateController->truncateDatabase()
#13 [internal function]: yii\console\controllers\BaseMigrateController->actionFresh()
#14 F:\apps\wamp64\www\aphamea_project\vendor\yiisoft\yii2\base\InlineAction.php(57): call_user_func_array(Array, Array)
#15 F:\apps\wamp64\www\aphamea_project\vendor\yiisoft\yii2\base\Controller.php(178): yii\base\InlineAction->runWithParams(Array)
#16 F:\apps\wamp64\www\aphamea_project\vendor\yiisoft\yii2\console\Controller.php(182): yii\base\Controller->runAction('fresh', Array)
#17 F:\apps\wamp64\www\aphamea_project\vendor\yiisoft\yii2\base\Module.php(552): yii\console\Controller->runAction('fresh', Array)
#18 F:\apps\wamp64\www\aphamea_project\vendor\yiisoft\yii2\console\Application.php(180): yii\base\Module->runAction('migrate/fresh', Array)
#19 F:\apps\wamp64\www\aphamea_project\vendor\yiisoft\yii2\console\Application.php(147): yii\console\Application->runAction('migrate/fresh', Array)
#20 F:\apps\wamp64\www\aphamea_project\vendor\yiisoft\yii2\base\Application.php(384): yii\console\Application->handleRequest(Object(yii\console\Request))
#21 F:\apps\wamp64\www\aphamea_project\yii(20): yii\base\Application->run()
#22 {main}

Next yii\db\Exception: SQLSTATE[HY000] [2002] No connection could be made because the target machine actively refused it.
 in F:\apps\wamp64\www\aphamea_project\vendor\yiisoft\yii2\db\Connection.php:647
Stack trace:
#0 F:\apps\wamp64\www\aphamea_project\vendor\yiisoft\yii2\db\Connection.php(1066): yii\db\Connection->open()
#1 F:\apps\wamp64\www\aphamea_project\vendor\yiisoft\yii2\db\Connection.php(1053): yii\db\Connection->getMasterPdo()
#2 F:\apps\wamp64\www\aphamea_project\vendor\yiisoft\yii2\db\Command.php(261): yii\db\Connection->getSlavePdo()
#3 F:\apps\wamp64\www\aphamea_project\vendor\yiisoft\yii2\db\Command.php(1163): yii\db\Command->prepare(true)
#4 F:\apps\wamp64\www\aphamea_project\vendor\yiisoft\yii2\db\Command.php(453): yii\db\Command->queryInternal('fetchAll', 7)
#5 F:\apps\wamp64\www\aphamea_project\vendor\yiisoft\yii2\db\mysql\Schema.php(114): yii\db\Command->queryColumn()
#6 F:\apps\wamp64\www\aphamea_project\vendor\yiisoft\yii2\db\Schema.php(235): yii\db\mysql\Schema->findTableNames('')
#7 F:\apps\wamp64\www\aphamea_project\vendor\yiisoft\yii2\db\Schema.php(778): yii\db\Schema->getTableNames('', false)
#8 F:\apps\wamp64\www\aphamea_project\vendor\yiisoft\yii2\db\Schema.php(205): yii\db\Schema->getSchemaMetadata('', 'schema', false)
#9 F:\apps\wamp64\www\aphamea_project\vendor\yiisoft\yii2\console\controllers\MigrateController.php(300): yii\db\Schema->getTableSchemas()
#10 F:\apps\wamp64\www\aphamea_project\vendor\yiisoft\yii2\console\controllers\BaseMigrateController.php(486): yii\console\controllers\MigrateController->truncateDatabase()
#11 [internal function]: yii\console\controllers\BaseMigrateController->actionFresh()
#12 F:\apps\wamp64\www\aphamea_project\vendor\yiisoft\yii2\base\InlineAction.php(57): call_user_func_array(Array, Array)
#13 F:\apps\wamp64\www\aphamea_project\vendor\yiisoft\yii2\base\Controller.php(178): yii\base\InlineAction->runWithParams(Array)
#14 F:\apps\wamp64\www\aphamea_project\vendor\yiisoft\yii2\console\Controller.php(182): yii\base\Controller->runAction('fresh', Array)
#15 F:\apps\wamp64\www\aphamea_project\vendor\yiisoft\yii2\base\Module.php(552): yii\console\Controller->runAction('fresh', Array)
#16 F:\apps\wamp64\www\aphamea_project\vendor\yiisoft\yii2\console\Application.php(180): yii\base\Module->runAction('migrate/fresh', Array)
#17 F:\apps\wamp64\www\aphamea_project\vendor\yiisoft\yii2\console\Application.php(147): yii\console\Application->runAction('migrate/fresh', Array)
#18 F:\apps\wamp64\www\aphamea_project\vendor\yiisoft\yii2\base\Application.php(384): yii\console\Application->handleRequest(Object(yii\console\Request))
#19 F:\apps\wamp64\www\aphamea_project\yii(20): yii\base\Application->run()
#20 {main}
Additional Information:
Array
(
    [0] => HY000
    [1] => 2002
    [2] => No connection could be made because the target machine actively refused it.

)

2022-09-12 14:01:00 [-][-][-][info][application] $_GET = []

$_POST = []

$_FILES = []

$_COOKIE = []

$_SERVER = [
    'ALLUSERSPROFILE' => 'C:\\ProgramData'
    'APPCODE_VM_OPTIONS' => 'C:\\ja-netfilter\\vmoptions\\appcode.vmoptions'
    'APPDATA' => 'C:\\Users\\USER\\AppData\\Roaming'
    'APPLICATION_INSIGHTS_NO_DIAGNOSTIC_CHANNEL' => 'true'
    'CHROME_CRASHPAD_PIPE_NAME' => '\\\\.\\pipe\\crashpad_13796_DMRTHWIWCBVTFVBD'
    'CLion' => 'C:\\Program Files\\JetBrains\\CLion 2021.3.1\\bin;'
    'CLION_VM_OPTIONS' => 'C:\\ja-netfilter\\vmoptions\\clion.vmoptions'
    'CommonProgramFiles' => 'C:\\Program Files\\Common Files'
    'CommonProgramFiles(x86)' => 'C:\\Program Files (x86)\\Common Files'
    'CommonProgramW6432' => 'C:\\Program Files\\Common Files'
    'COMPUTERNAME' => 'COPRA'
    'ComSpec' => 'C:\\Windows\\system32\\cmd.exe'
    'DATAGRIP_VM_OPTIONS' => 'C:\\ja-netfilter\\vmoptions\\datagrip.vmoptions'
    'DATASPELL_VM_OPTIONS' => 'C:\\ja-netfilter\\vmoptions\\dataspell.vmoptions'
    'DriverData' => 'C:\\Windows\\System32\\Drivers\\DriverData'
    'FPS_BROWSER_APP_PROFILE_STRING' => 'Internet Explorer'
    'FPS_BROWSER_USER_PROFILE_STRING' => 'Default'
    'GATEWAY_VM_OPTIONS' => 'C:\\ja-netfilter\\vmoptions\\gateway.vmoptions'
    'GOLAND_VM_OPTIONS' => 'C:\\ja-netfilter\\vmoptions\\goland.vmoptions'
    'HOMEDRIVE' => 'C:'
    'HOMEPATH' => '\\Users\\USER'
    'IDEA_VM_OPTIONS' => 'C:\\ja-netfilter\\vmoptions\\idea.vmoptions'
    'JETBRAINSCLIENT_VM_OPTIONS' => 'C:\\ja-netfilter\\vmoptions\\jetbrainsclient.vmoptions'
    'JETBRAINS_CLIENT_VM_OPTIONS' => 'C:\\ja-netfilter\\vmoptions\\jetbrains_client.vmoptions'
    'LOCALAPPDATA' => 'C:\\Users\\USER\\AppData\\Local'
    'LOGONSERVER' => '\\\\COPRA'
    'NUMBER_OF_PROCESSORS' => '8'
    'OneDrive' => 'C:\\Users\\USER\\OneDrive'
    'ORIGINAL_XDG_CURRENT_DESKTOP' => 'undefined'
    'OS' => 'Windows_NT'
    'Path' => 'C:\\Program Files (x86)\\Common Files\\Oracle\\Java\\javapath;C:\\Windows\\system32;C:\\Windows;C:\\Windows\\System32\\Wbem;C:\\Windows\\System32\\WindowsPowerShell\\v1.0\\;C:\\Windows\\System32\\OpenSSH\\;C:\\Program Files (x86)\\NVIDIA Corporation\\PhysX\\Common;C:\\Program Files\\NVIDIA Corporation\\NVIDIA NvDLISR;C:\\Users\\USER\\AppData\\Local\\Programs\\Python\\Python310\\;C:\\Users\\USER\\AppData\\Local\\Programs\\Python\\Python310\\Scripts\\;C:\\Program Files\\nodejs\\;C:\\Program Files\\MongoDB\\Server\\5.0\\bin;C:\\Program Files\\MongoDB\\Tools\\100\\bin;F:\\apps\\Git\\cmd;F:\\apps\\xampp\\php;F:\\apps\\xamppp\\php;C:\\ProgramData\\ComposerSetup\\bin;C:\\Program Files\\PuTTY\\;C:\\Users\\USER\\AppData\\Local\\Microsoft\\WindowsApps;C:\\Users\\USER\\AppData\\Local\\Programs\\Microsoft VS Code\\bin;C:\\Users\\USER\\AppData\\Roaming\\npm;C:\\Program Files\\JetBrains\\PhpStorm 2021.3\\bin;;C:\\Users\\USER\\AppData\\Roaming\\Composer\\vendor\\bin;C:\\Program Files\\JetBrains\\CLion 2021.3.1\\bin;;F:\\apps\\heroku\\bin'
    'PATHEXT' => '.COM;.EXE;.BAT;.CMD;.VBS;.VBE;.JS;.JSE;.WSF;.WSH;.MSC;.CPL'
    'PhpStorm' => 'C:\\Program Files\\JetBrains\\PhpStorm 2021.3\\bin;'
    'PHPSTORM_VM_OPTIONS' => 'C:\\ja-netfilter\\vmoptions\\phpstorm.vmoptions'
    'PROCESSOR_ARCHITECTURE' => 'AMD64'
    'PROCESSOR_IDENTIFIER' => 'Intel64 Family 6 Model 142 Stepping 10, GenuineIntel'
    'PROCESSOR_LEVEL' => '6'
    'PROCESSOR_REVISION' => '8e0a'
    'ProgramData' => 'C:\\ProgramData'
    'ProgramFiles' => 'C:\\Program Files'
    'ProgramFiles(x86)' => 'C:\\Program Files (x86)'
    'ProgramW6432' => 'C:\\Program Files'
    'PROMPT' => '$P$G'
    'PSModulePath' => 'C:\\Users\\USER\\Documents\\WindowsPowerShell\\Modules;C:\\Program Files\\WindowsPowerShell\\Modules;C:\\Windows\\system32\\WindowsPowerShell\\v1.0\\Modules'
    'PUBLIC' => 'C:\\Users\\Public'
    'PYCHARM_VM_OPTIONS' => 'C:\\ja-netfilter\\vmoptions\\pycharm.vmoptions'
    'RIDER_VM_OPTIONS' => 'C:\\ja-netfilter\\vmoptions\\rider.vmoptions'
    'RUBYMINE_VM_OPTIONS' => 'C:\\ja-netfilter\\vmoptions\\rubymine.vmoptions'
    'SESSIONNAME' => 'Console'
    'SystemDrive' => 'C:'
    'SystemRoot' => 'C:\\Windows'
    'TEMP' => 'C:\\Users\\USER\\AppData\\Local\\Temp'
    'TMP' => 'C:\\Users\\USER\\AppData\\Local\\Temp'
    'USERDOMAIN' => 'COPRA'
    'USERDOMAIN_ROAMINGPROFILE' => 'COPRA'
    'USERNAME' => 'USER'
    'USERPROFILE' => 'C:\\Users\\USER'
    'WEBIDE_VM_OPTIONS' => 'C:\\ja-netfilter\\vmoptions\\webide.vmoptions'
    'WEBSTORM_VM_OPTIONS' => 'C:\\ja-netfilter\\vmoptions\\webstorm.vmoptions'
    'windir' => 'C:\\Windows'
    'TERM_PROGRAM' => 'vscode'
    'TERM_PROGRAM_VERSION' => '1.71.0'
    'LANG' => 'en_US.UTF-8'
    'COLORTERM' => 'truecolor'
    'GIT_ASKPASS' => 'c:\\Users\\USER\\AppData\\Local\\Programs\\Microsoft VS Code\\resources\\app\\extensions\\git\\dist\\askpass.sh'
    'VSCODE_GIT_ASKPASS_NODE' => 'C:\\Users\\USER\\AppData\\Local\\Programs\\Microsoft VS Code\\Code.exe'
    'VSCODE_GIT_ASKPASS_EXTRA_ARGS' => '--ms-enable-electron-run-as-node'
    'VSCODE_GIT_ASKPASS_MAIN' => 'c:\\Users\\USER\\AppData\\Local\\Programs\\Microsoft VS Code\\resources\\app\\extensions\\git\\dist\\askpass-main.js'
    'VSCODE_GIT_IPC_HANDLE' => '\\\\.\\pipe\\vscode-git-332ef18278-sock'
    'PHP_SELF' => 'yii'
    'SCRIPT_NAME' => 'yii'
    'SCRIPT_FILENAME' => 'yii'
    'PATH_TRANSLATED' => 'yii'
    'DOCUMENT_ROOT' => ''
    'REQUEST_TIME_FLOAT' => 1662984059.5582
    'REQUEST_TIME' => 1662984059
    'argv' => [
        0 => 'yii'
        1 => 'migrate/fresh'
    ]
    'argc' => 2
]
2022-09-12 14:01:27 [-][-][-][error][yii\db\Exception] PDOException: SQLSTATE[HY000] [2002] No connection could be made because the target machine actively refused it.
 in F:\apps\wamp64\www\aphamea_project\vendor\yiisoft\yii2\db\Connection.php:721
Stack trace:
#0 F:\apps\wamp64\www\aphamea_project\vendor\yiisoft\yii2\db\Connection.php(721): PDO->__construct('mysql:host=loca...', 'root', '', Array)
#1 F:\apps\wamp64\www\aphamea_project\vendor\yiisoft\yii2\db\Connection.php(636): yii\db\Connection->createPdoInstance()
#2 F:\apps\wamp64\www\aphamea_project\vendor\yiisoft\yii2\db\Connection.php(1066): yii\db\Connection->open()
#3 F:\apps\wamp64\www\aphamea_project\vendor\yiisoft\yii2\db\Connection.php(1053): yii\db\Connection->getMasterPdo()
#4 F:\apps\wamp64\www\aphamea_project\vendor\yiisoft\yii2\db\Command.php(261): yii\db\Connection->getSlavePdo()
#5 F:\apps\wamp64\www\aphamea_project\vendor\yiisoft\yii2\db\Command.php(1163): yii\db\Command->prepare(true)
#6 F:\apps\wamp64\www\aphamea_project\vendor\yiisoft\yii2\db\Command.php(453): yii\db\Command->queryInternal('fetchAll', 7)
#7 F:\apps\wamp64\www\aphamea_project\vendor\yiisoft\yii2\db\mysql\Schema.php(114): yii\db\Command->queryColumn()
#8 F:\apps\wamp64\www\aphamea_project\vendor\yiisoft\yii2\db\Schema.php(235): yii\db\mysql\Schema->findTableNames('')
#9 F:\apps\wamp64\www\aphamea_project\vendor\yiisoft\yii2\db\Schema.php(778): yii\db\Schema->getTableNames('', false)
#10 F:\apps\wamp64\www\aphamea_project\vendor\yiisoft\yii2\db\Schema.php(205): yii\db\Schema->getSchemaMetadata('', 'schema', false)
#11 F:\apps\wamp64\www\aphamea_project\vendor\yiisoft\yii2\console\controllers\MigrateController.php(300): yii\db\Schema->getTableSchemas()
#12 F:\apps\wamp64\www\aphamea_project\vendor\yiisoft\yii2\console\controllers\BaseMigrateController.php(486): yii\console\controllers\MigrateController->truncateDatabase()
#13 [internal function]: yii\console\controllers\BaseMigrateController->actionFresh()
#14 F:\apps\wamp64\www\aphamea_project\vendor\yiisoft\yii2\base\InlineAction.php(57): call_user_func_array(Array, Array)
#15 F:\apps\wamp64\www\aphamea_project\vendor\yiisoft\yii2\base\Controller.php(178): yii\base\InlineAction->runWithParams(Array)
#16 F:\apps\wamp64\www\aphamea_project\vendor\yiisoft\yii2\console\Controller.php(182): yii\base\Controller->runAction('fresh', Array)
#17 F:\apps\wamp64\www\aphamea_project\vendor\yiisoft\yii2\base\Module.php(552): yii\console\Controller->runAction('fresh', Array)
#18 F:\apps\wamp64\www\aphamea_project\vendor\yiisoft\yii2\console\Application.php(180): yii\base\Module->runAction('migrate/fresh', Array)
#19 F:\apps\wamp64\www\aphamea_project\vendor\yiisoft\yii2\console\Application.php(147): yii\console\Application->runAction('migrate/fresh', Array)
#20 F:\apps\wamp64\www\aphamea_project\vendor\yiisoft\yii2\base\Application.php(384): yii\console\Application->handleRequest(Object(yii\console\Request))
#21 F:\apps\wamp64\www\aphamea_project\yii(20): yii\base\Application->run()
#22 {main}

Next yii\db\Exception: SQLSTATE[HY000] [2002] No connection could be made because the target machine actively refused it.
 in F:\apps\wamp64\www\aphamea_project\vendor\yiisoft\yii2\db\Connection.php:647
Stack trace:
#0 F:\apps\wamp64\www\aphamea_project\vendor\yiisoft\yii2\db\Connection.php(1066): yii\db\Connection->open()
#1 F:\apps\wamp64\www\aphamea_project\vendor\yiisoft\yii2\db\Connection.php(1053): yii\db\Connection->getMasterPdo()
#2 F:\apps\wamp64\www\aphamea_project\vendor\yiisoft\yii2\db\Command.php(261): yii\db\Connection->getSlavePdo()
#3 F:\apps\wamp64\www\aphamea_project\vendor\yiisoft\yii2\db\Command.php(1163): yii\db\Command->prepare(true)
#4 F:\apps\wamp64\www\aphamea_project\vendor\yiisoft\yii2\db\Command.php(453): yii\db\Command->queryInternal('fetchAll', 7)
#5 F:\apps\wamp64\www\aphamea_project\vendor\yiisoft\yii2\db\mysql\Schema.php(114): yii\db\Command->queryColumn()
#6 F:\apps\wamp64\www\aphamea_project\vendor\yiisoft\yii2\db\Schema.php(235): yii\db\mysql\Schema->findTableNames('')
#7 F:\apps\wamp64\www\aphamea_project\vendor\yiisoft\yii2\db\Schema.php(778): yii\db\Schema->getTableNames('', false)
#8 F:\apps\wamp64\www\aphamea_project\vendor\yiisoft\yii2\db\Schema.php(205): yii\db\Schema->getSchemaMetadata('', 'schema', false)
#9 F:\apps\wamp64\www\aphamea_project\vendor\yiisoft\yii2\console\controllers\MigrateController.php(300): yii\db\Schema->getTableSchemas()
#10 F:\apps\wamp64\www\aphamea_project\vendor\yiisoft\yii2\console\controllers\BaseMigrateController.php(486): yii\console\controllers\MigrateController->truncateDatabase()
#11 [internal function]: yii\console\controllers\BaseMigrateController->actionFresh()
#12 F:\apps\wamp64\www\aphamea_project\vendor\yiisoft\yii2\base\InlineAction.php(57): call_user_func_array(Array, Array)
#13 F:\apps\wamp64\www\aphamea_project\vendor\yiisoft\yii2\base\Controller.php(178): yii\base\InlineAction->runWithParams(Array)
#14 F:\apps\wamp64\www\aphamea_project\vendor\yiisoft\yii2\console\Controller.php(182): yii\base\Controller->runAction('fresh', Array)
#15 F:\apps\wamp64\www\aphamea_project\vendor\yiisoft\yii2\base\Module.php(552): yii\console\Controller->runAction('fresh', Array)
#16 F:\apps\wamp64\www\aphamea_project\vendor\yiisoft\yii2\console\Application.php(180): yii\base\Module->runAction('migrate/fresh', Array)
#17 F:\apps\wamp64\www\aphamea_project\vendor\yiisoft\yii2\console\Application.php(147): yii\console\Application->runAction('migrate/fresh', Array)
#18 F:\apps\wamp64\www\aphamea_project\vendor\yiisoft\yii2\base\Application.php(384): yii\console\Application->handleRequest(Object(yii\console\Request))
#19 F:\apps\wamp64\www\aphamea_project\yii(20): yii\base\Application->run()
#20 {main}
Additional Information:
Array
(
    [0] => HY000
    [1] => 2002
    [2] => No connection could be made because the target machine actively refused it.

)

2022-09-12 14:01:22 [-][-][-][info][application] $_GET = []

$_POST = []

$_FILES = []

$_COOKIE = []

$_SERVER = [
    'ALLUSERSPROFILE' => 'C:\\ProgramData'
    'APPCODE_VM_OPTIONS' => 'C:\\ja-netfilter\\vmoptions\\appcode.vmoptions'
    'APPDATA' => 'C:\\Users\\USER\\AppData\\Roaming'
    'APPLICATION_INSIGHTS_NO_DIAGNOSTIC_CHANNEL' => 'true'
    'CHROME_CRASHPAD_PIPE_NAME' => '\\\\.\\pipe\\crashpad_13796_DMRTHWIWCBVTFVBD'
    'CLion' => 'C:\\Program Files\\JetBrains\\CLion 2021.3.1\\bin;'
    'CLION_VM_OPTIONS' => 'C:\\ja-netfilter\\vmoptions\\clion.vmoptions'
    'CommonProgramFiles' => 'C:\\Program Files\\Common Files'
    'CommonProgramFiles(x86)' => 'C:\\Program Files (x86)\\Common Files'
    'CommonProgramW6432' => 'C:\\Program Files\\Common Files'
    'COMPUTERNAME' => 'COPRA'
    'ComSpec' => 'C:\\Windows\\system32\\cmd.exe'
    'DATAGRIP_VM_OPTIONS' => 'C:\\ja-netfilter\\vmoptions\\datagrip.vmoptions'
    'DATASPELL_VM_OPTIONS' => 'C:\\ja-netfilter\\vmoptions\\dataspell.vmoptions'
    'DriverData' => 'C:\\Windows\\System32\\Drivers\\DriverData'
    'FPS_BROWSER_APP_PROFILE_STRING' => 'Internet Explorer'
    'FPS_BROWSER_USER_PROFILE_STRING' => 'Default'
    'GATEWAY_VM_OPTIONS' => 'C:\\ja-netfilter\\vmoptions\\gateway.vmoptions'
    'GOLAND_VM_OPTIONS' => 'C:\\ja-netfilter\\vmoptions\\goland.vmoptions'
    'HOMEDRIVE' => 'C:'
    'HOMEPATH' => '\\Users\\USER'
    'IDEA_VM_OPTIONS' => 'C:\\ja-netfilter\\vmoptions\\idea.vmoptions'
    'JETBRAINSCLIENT_VM_OPTIONS' => 'C:\\ja-netfilter\\vmoptions\\jetbrainsclient.vmoptions'
    'JETBRAINS_CLIENT_VM_OPTIONS' => 'C:\\ja-netfilter\\vmoptions\\jetbrains_client.vmoptions'
    'LOCALAPPDATA' => 'C:\\Users\\USER\\AppData\\Local'
    'LOGONSERVER' => '\\\\COPRA'
    'NUMBER_OF_PROCESSORS' => '8'
    'OneDrive' => 'C:\\Users\\USER\\OneDrive'
    'ORIGINAL_XDG_CURRENT_DESKTOP' => 'undefined'
    'OS' => 'Windows_NT'
    'Path' => 'C:\\Program Files (x86)\\Common Files\\Oracle\\Java\\javapath;C:\\Windows\\system32;C:\\Windows;C:\\Windows\\System32\\Wbem;C:\\Windows\\System32\\WindowsPowerShell\\v1.0\\;C:\\Windows\\System32\\OpenSSH\\;C:\\Program Files (x86)\\NVIDIA Corporation\\PhysX\\Common;C:\\Program Files\\NVIDIA Corporation\\NVIDIA NvDLISR;C:\\Users\\USER\\AppData\\Local\\Programs\\Python\\Python310\\;C:\\Users\\USER\\AppData\\Local\\Programs\\Python\\Python310\\Scripts\\;C:\\Program Files\\nodejs\\;C:\\Program Files\\MongoDB\\Server\\5.0\\bin;C:\\Program Files\\MongoDB\\Tools\\100\\bin;F:\\apps\\Git\\cmd;F:\\apps\\xampp\\php;F:\\apps\\xamppp\\php;C:\\ProgramData\\ComposerSetup\\bin;C:\\Program Files\\PuTTY\\;C:\\Users\\USER\\AppData\\Local\\Microsoft\\WindowsApps;C:\\Users\\USER\\AppData\\Local\\Programs\\Microsoft VS Code\\bin;C:\\Users\\USER\\AppData\\Roaming\\npm;C:\\Program Files\\JetBrains\\PhpStorm 2021.3\\bin;;C:\\Users\\USER\\AppData\\Roaming\\Composer\\vendor\\bin;C:\\Program Files\\JetBrains\\CLion 2021.3.1\\bin;;F:\\apps\\heroku\\bin'
    'PATHEXT' => '.COM;.EXE;.BAT;.CMD;.VBS;.VBE;.JS;.JSE;.WSF;.WSH;.MSC;.CPL'
    'PhpStorm' => 'C:\\Program Files\\JetBrains\\PhpStorm 2021.3\\bin;'
    'PHPSTORM_VM_OPTIONS' => 'C:\\ja-netfilter\\vmoptions\\phpstorm.vmoptions'
    'PROCESSOR_ARCHITECTURE' => 'AMD64'
    'PROCESSOR_IDENTIFIER' => 'Intel64 Family 6 Model 142 Stepping 10, GenuineIntel'
    'PROCESSOR_LEVEL' => '6'
    'PROCESSOR_REVISION' => '8e0a'
    'ProgramData' => 'C:\\ProgramData'
    'ProgramFiles' => 'C:\\Program Files'
    'ProgramFiles(x86)' => 'C:\\Program Files (x86)'
    'ProgramW6432' => 'C:\\Program Files'
    'PROMPT' => '$P$G'
    'PSModulePath' => 'C:\\Users\\USER\\Documents\\WindowsPowerShell\\Modules;C:\\Program Files\\WindowsPowerShell\\Modules;C:\\Windows\\system32\\WindowsPowerShell\\v1.0\\Modules'
    'PUBLIC' => 'C:\\Users\\Public'
    'PYCHARM_VM_OPTIONS' => 'C:\\ja-netfilter\\vmoptions\\pycharm.vmoptions'
    'RIDER_VM_OPTIONS' => 'C:\\ja-netfilter\\vmoptions\\rider.vmoptions'
    'RUBYMINE_VM_OPTIONS' => 'C:\\ja-netfilter\\vmoptions\\rubymine.vmoptions'
    'SESSIONNAME' => 'Console'
    'SystemDrive' => 'C:'
    'SystemRoot' => 'C:\\Windows'
    'TEMP' => 'C:\\Users\\USER\\AppData\\Local\\Temp'
    'TMP' => 'C:\\Users\\USER\\AppData\\Local\\Temp'
    'USERDOMAIN' => 'COPRA'
    'USERDOMAIN_ROAMINGPROFILE' => 'COPRA'
    'USERNAME' => 'USER'
    'USERPROFILE' => 'C:\\Users\\USER'
    'WEBIDE_VM_OPTIONS' => 'C:\\ja-netfilter\\vmoptions\\webide.vmoptions'
    'WEBSTORM_VM_OPTIONS' => 'C:\\ja-netfilter\\vmoptions\\webstorm.vmoptions'
    'windir' => 'C:\\Windows'
    'TERM_PROGRAM' => 'vscode'
    'TERM_PROGRAM_VERSION' => '1.71.0'
    'LANG' => 'en_US.UTF-8'
    'COLORTERM' => 'truecolor'
    'GIT_ASKPASS' => 'c:\\Users\\USER\\AppData\\Local\\Programs\\Microsoft VS Code\\resources\\app\\extensions\\git\\dist\\askpass.sh'
    'VSCODE_GIT_ASKPASS_NODE' => 'C:\\Users\\USER\\AppData\\Local\\Programs\\Microsoft VS Code\\Code.exe'
    'VSCODE_GIT_ASKPASS_EXTRA_ARGS' => '--ms-enable-electron-run-as-node'
    'VSCODE_GIT_ASKPASS_MAIN' => 'c:\\Users\\USER\\AppData\\Local\\Programs\\Microsoft VS Code\\resources\\app\\extensions\\git\\dist\\askpass-main.js'
    'VSCODE_GIT_IPC_HANDLE' => '\\\\.\\pipe\\vscode-git-332ef18278-sock'
    'PHP_SELF' => 'yii'
    'SCRIPT_NAME' => 'yii'
    'SCRIPT_FILENAME' => 'yii'
    'PATH_TRANSLATED' => 'yii'
    'DOCUMENT_ROOT' => ''
    'REQUEST_TIME_FLOAT' => 1662984082.4068
    'REQUEST_TIME' => 1662984082
    'argv' => [
        0 => 'yii'
        1 => 'migrate/fresh'
    ]
    'argc' => 2
]
2022-09-12 12:15:09 [::1][-][-][error][yii\web\HttpException:401] yii\web\UnauthorizedHttpException: Your request was made with invalid credentials. in F:\apps\wamp64\www\aphamea_project\vendor\yiisoft\yii2\filters\auth\AuthMethod.php:93
Stack trace:
#0 F:\apps\wamp64\www\aphamea_project\vendor\yiisoft\yii2\filters\auth\AuthMethod.php(76): yii\filters\auth\AuthMethod->handleFailure(Object(yii\web\Response))
#1 F:\apps\wamp64\www\aphamea_project\vendor\yiisoft\yii2\filters\auth\CompositeAuth.php(57): yii\filters\auth\AuthMethod->beforeAction(Object(yii\base\InlineAction))
#2 F:\apps\wamp64\www\aphamea_project\vendor\yiisoft\yii2\base\ActionFilter.php(77): yii\filters\auth\CompositeAuth->beforeAction(Object(yii\base\InlineAction))
#3 [internal function]: yii\base\ActionFilter->beforeFilter(Object(yii\base\ActionEvent))
#4 F:\apps\wamp64\www\aphamea_project\vendor\yiisoft\yii2\base\Component.php(633): call_user_func(Array, Object(yii\base\ActionEvent))
#5 F:\apps\wamp64\www\aphamea_project\vendor\yiisoft\yii2\base\Controller.php(297): yii\base\Component->trigger('beforeAction', Object(yii\base\ActionEvent))
#6 F:\apps\wamp64\www\aphamea_project\vendor\yiisoft\yii2\web\Controller.php(221): yii\base\Controller->beforeAction(Object(yii\base\InlineAction))
#7 F:\apps\wamp64\www\aphamea_project\controllers\ActivityController.php(69): yii\web\Controller->beforeAction(Object(yii\base\InlineAction))
#8 F:\apps\wamp64\www\aphamea_project\vendor\yiisoft\yii2\base\Controller.php(176): app\controllers\ActivityController->beforeAction(Object(yii\base\InlineAction))
#9 F:\apps\wamp64\www\aphamea_project\vendor\yiisoft\yii2\base\Module.php(552): yii\base\Controller->runAction('add', Array)
#10 F:\apps\wamp64\www\aphamea_project\vendor\yiisoft\yii2\web\Application.php(103): yii\base\Module->runAction('activity/add', Array)
#11 F:\apps\wamp64\www\aphamea_project\vendor\yiisoft\yii2\base\Application.php(384): yii\web\Application->handleRequest(Object(yii\web\Request))
#12 F:\apps\wamp64\www\aphamea_project\web\index.php(12): yii\base\Application->run()
#13 {main}
2022-09-12 12:15:09 [::1][-][-][info][application] $_GET = []

$_POST = [
    'content' => 'Hi this is activity of type 0'
    'type' => '0'
    'title' => 'test title'
]

$_FILES = [
    'activityImages' => [
        'name' => 'TranscodedWallpaper - Copy.jpg'
        'type' => 'image/jpeg'
        'tmp_name' => 'F:\\apps\\wamp64\\tmp\\php78C3.tmp'
        'error' => 0
        'size' => 188066
    ]
]

$_COOKIE = []

$_SERVER = [
    'HTTP_HOST' => 'localhost'
    'HTTP_CONNECTION' => 'keep-alive'
    'CONTENT_LENGTH' => '355684'
    'HTTP_SEC_CH_UA' => '\"Google Chrome\";v=\"105\", \"Not)A;Brand\";v=\"8\", \"Chromium\";v=\"105\"'
    'HTTP_CACHE_CONTROL' => 'no-cache'
    'CONTENT_TYPE' => 'multipart/form-data; boundary=----WebKitFormBoundaryB7KpiRHOYN56JbE1'
    'HTTP_SEC_CH_UA_MOBILE' => '?0'
    'HTTP_USER_AGENT' => 'Mozilla/5.0 (Windows NT 10.0; Win64; x64) AppleWebKit/537.36 (KHTML, like Gecko) Chrome/105.0.0.0 Safari/537.36'
    'HTTP_SEC_CH_UA_PLATFORM' => '\"Windows\"'
    'HTTP_POSTMAN_TOKEN' => '88f627ce-39f9-3cec-4ef4-1538e41e94c3'
    'HTTP_ACCEPT' => '*/*'
    'HTTP_ORIGIN' => 'chrome-extension://fhbjgbiflinjbdggehcddcbncdddomop'
    'HTTP_SEC_FETCH_SITE' => 'none'
    'HTTP_SEC_FETCH_MODE' => 'cors'
    'HTTP_SEC_FETCH_DEST' => 'empty'
    'HTTP_ACCEPT_ENCODING' => 'gzip, deflate, br'
    'HTTP_ACCEPT_LANGUAGE' => 'en-US,en;q=0.9'
    'PATH' => 'C:\\Program Files (x86)\\Common Files\\Oracle\\Java\\javapath;C:\\Windows\\system32;C:\\Windows;C:\\Windows\\System32\\Wbem;C:\\Windows\\System32\\WindowsPowerShell\\v1.0\\;C:\\Windows\\System32\\OpenSSH\\;C:\\Program Files (x86)\\NVIDIA Corporation\\PhysX\\Common;C:\\Program Files\\NVIDIA Corporation\\NVIDIA NvDLISR;C:\\Users\\USER\\AppData\\Local\\Programs\\Python\\Python310\\;C:\\Users\\USER\\AppData\\Local\\Programs\\Python\\Python310\\Scripts\\;C:\\Program Files\\nodejs\\;C:\\Program Files\\MongoDB\\Server\\5.0\\bin;C:\\Program Files\\MongoDB\\Tools\\100\\bin;F:\\apps\\Git\\cmd;F:\\apps\\xampp\\php;F:\\apps\\xamppp\\php;C:\\ProgramData\\ComposerSetup\\bin;C:\\Program Files\\PuTTY\\;C:\\Windows\\system32\\config\\systemprofile\\AppData\\Local\\Microsoft\\WindowsApps'
    'SystemRoot' => 'C:\\Windows'
    'COMSPEC' => 'C:\\Windows\\system32\\cmd.exe'
    'PATHEXT' => '.COM;.EXE;.BAT;.CMD;.VBS;.VBE;.JS;.JSE;.WSF;.WSH;.MSC'
    'WINDIR' => 'C:\\Windows'
    'SERVER_SIGNATURE' => '<address>Apache/2.4.51 (Win64) PHP/7.4.26 Server at localhost Port 80</address>
'
    'SERVER_SOFTWARE' => 'Apache/2.4.51 (Win64) PHP/7.4.26'
    'SERVER_NAME' => 'localhost'
    'SERVER_ADDR' => '::1'
    'SERVER_PORT' => '80'
    'REMOTE_ADDR' => '::1'
    'DOCUMENT_ROOT' => 'F:/apps/wamp64/www'
    'REQUEST_SCHEME' => 'http'
    'CONTEXT_PREFIX' => ''
    'CONTEXT_DOCUMENT_ROOT' => 'F:/apps/wamp64/www'
    'SERVER_ADMIN' => 'wampserver@wampserver.invalid'
    'SCRIPT_FILENAME' => 'F:/apps/wamp64/www/aphamea_project/web/index.php'
    'REMOTE_PORT' => '7404'
    'GATEWAY_INTERFACE' => 'CGI/1.1'
    'SERVER_PROTOCOL' => 'HTTP/1.1'
    'REQUEST_METHOD' => 'POST'
    'QUERY_STRING' => ''
    'REQUEST_URI' => '/aphamea_project/web/index.php/activity/add'
    'SCRIPT_NAME' => '/aphamea_project/web/index.php'
    'PATH_INFO' => '/activity/add'
    'PATH_TRANSLATED' => 'F:\\apps\\wamp64\\www\\activity\\add'
    'PHP_SELF' => '/aphamea_project/web/index.php/activity/add'
    'REQUEST_TIME_FLOAT' => 1662984909.4665
    'REQUEST_TIME' => 1662984909
]
2022-09-12 12:19:31 [::1][-][-][error][Error] Error: Cannot use object of type stdClass as array in F:\apps\wamp64\www\aphamea_project\controllers\ActivityController.php:144
Stack trace:
#0 [internal function]: app\controllers\ActivityController->actionGetAll()
#1 F:\apps\wamp64\www\aphamea_project\vendor\yiisoft\yii2\base\InlineAction.php(57): call_user_func_array(Array, Array)
#2 F:\apps\wamp64\www\aphamea_project\vendor\yiisoft\yii2\base\Controller.php(178): yii\base\InlineAction->runWithParams(Array)
#3 F:\apps\wamp64\www\aphamea_project\vendor\yiisoft\yii2\base\Module.php(552): yii\base\Controller->runAction('get-all', Array)
#4 F:\apps\wamp64\www\aphamea_project\vendor\yiisoft\yii2\web\Application.php(103): yii\base\Module->runAction('activity/get-al...', Array)
#5 F:\apps\wamp64\www\aphamea_project\vendor\yiisoft\yii2\base\Application.php(384): yii\web\Application->handleRequest(Object(yii\web\Request))
#6 F:\apps\wamp64\www\aphamea_project\web\index.php(12): yii\base\Application->run()
#7 {main}
2022-09-12 12:19:31 [::1][-][-][info][application] $_GET = []

$_POST = []

$_FILES = []

$_COOKIE = []

$_SERVER = [
    'HTTP_HOST' => 'localhost'
    'HTTP_CONNECTION' => 'keep-alive'
    'CONTENT_LENGTH' => '132'
    'HTTP_SEC_CH_UA' => '\"Google Chrome\";v=\"105\", \"Not)A;Brand\";v=\"8\", \"Chromium\";v=\"105\"'
    'HTTP_CACHE_CONTROL' => 'no-cache'
    'CONTENT_TYPE' => 'text/plain;charset=UTF-8'
    'HTTP_SEC_CH_UA_MOBILE' => '?0'
    'HTTP_USER_AGENT' => 'Mozilla/5.0 (Windows NT 10.0; Win64; x64) AppleWebKit/537.36 (KHTML, like Gecko) Chrome/105.0.0.0 Safari/537.36'
    'HTTP_SEC_CH_UA_PLATFORM' => '\"Windows\"'
    'HTTP_POSTMAN_TOKEN' => 'd6646d46-2be4-d73c-54c2-cb5810b139e6'
    'HTTP_ACCEPT' => '*/*'
    'HTTP_ORIGIN' => 'chrome-extension://fhbjgbiflinjbdggehcddcbncdddomop'
    'HTTP_SEC_FETCH_SITE' => 'none'
    'HTTP_SEC_FETCH_MODE' => 'cors'
    'HTTP_SEC_FETCH_DEST' => 'empty'
    'HTTP_ACCEPT_ENCODING' => 'gzip, deflate, br'
    'HTTP_ACCEPT_LANGUAGE' => 'en-US,en;q=0.9'
    'PATH' => 'C:\\Program Files (x86)\\Common Files\\Oracle\\Java\\javapath;C:\\Windows\\system32;C:\\Windows;C:\\Windows\\System32\\Wbem;C:\\Windows\\System32\\WindowsPowerShell\\v1.0\\;C:\\Windows\\System32\\OpenSSH\\;C:\\Program Files (x86)\\NVIDIA Corporation\\PhysX\\Common;C:\\Program Files\\NVIDIA Corporation\\NVIDIA NvDLISR;C:\\Users\\USER\\AppData\\Local\\Programs\\Python\\Python310\\;C:\\Users\\USER\\AppData\\Local\\Programs\\Python\\Python310\\Scripts\\;C:\\Program Files\\nodejs\\;C:\\Program Files\\MongoDB\\Server\\5.0\\bin;C:\\Program Files\\MongoDB\\Tools\\100\\bin;F:\\apps\\Git\\cmd;F:\\apps\\xampp\\php;F:\\apps\\xamppp\\php;C:\\ProgramData\\ComposerSetup\\bin;C:\\Program Files\\PuTTY\\;C:\\Windows\\system32\\config\\systemprofile\\AppData\\Local\\Microsoft\\WindowsApps'
    'SystemRoot' => 'C:\\Windows'
    'COMSPEC' => 'C:\\Windows\\system32\\cmd.exe'
    'PATHEXT' => '.COM;.EXE;.BAT;.CMD;.VBS;.VBE;.JS;.JSE;.WSF;.WSH;.MSC'
    'WINDIR' => 'C:\\Windows'
    'SERVER_SIGNATURE' => '<address>Apache/2.4.51 (Win64) PHP/7.4.26 Server at localhost Port 80</address>
'
    'SERVER_SOFTWARE' => 'Apache/2.4.51 (Win64) PHP/7.4.26'
    'SERVER_NAME' => 'localhost'
    'SERVER_ADDR' => '::1'
    'SERVER_PORT' => '80'
    'REMOTE_ADDR' => '::1'
    'DOCUMENT_ROOT' => 'F:/apps/wamp64/www'
    'REQUEST_SCHEME' => 'http'
    'CONTEXT_PREFIX' => ''
    'CONTEXT_DOCUMENT_ROOT' => 'F:/apps/wamp64/www'
    'SERVER_ADMIN' => 'wampserver@wampserver.invalid'
    'SCRIPT_FILENAME' => 'F:/apps/wamp64/www/aphamea_project/web/index.php'
    'REMOTE_PORT' => '7441'
    'GATEWAY_INTERFACE' => 'CGI/1.1'
    'SERVER_PROTOCOL' => 'HTTP/1.1'
    'REQUEST_METHOD' => 'POST'
    'QUERY_STRING' => ''
    'REQUEST_URI' => '/aphamea_project/web/index.php/activity/get-all'
    'SCRIPT_NAME' => '/aphamea_project/web/index.php'
    'PATH_INFO' => '/activity/get-all'
    'PATH_TRANSLATED' => 'F:\\apps\\wamp64\\www\\activity\\get-all'
    'PHP_SELF' => '/aphamea_project/web/index.php/activity/get-all'
    'REQUEST_TIME_FLOAT' => 1662985171.0847
    'REQUEST_TIME' => 1662985171
]
2022-09-12 12:19:52 [::1][-][-][error][Error] Error: Cannot use object of type stdClass as array in F:\apps\wamp64\www\aphamea_project\controllers\ActivityController.php:144
Stack trace:
#0 [internal function]: app\controllers\ActivityController->actionGetAll()
#1 F:\apps\wamp64\www\aphamea_project\vendor\yiisoft\yii2\base\InlineAction.php(57): call_user_func_array(Array, Array)
#2 F:\apps\wamp64\www\aphamea_project\vendor\yiisoft\yii2\base\Controller.php(178): yii\base\InlineAction->runWithParams(Array)
#3 F:\apps\wamp64\www\aphamea_project\vendor\yiisoft\yii2\base\Module.php(552): yii\base\Controller->runAction('get-all', Array)
#4 F:\apps\wamp64\www\aphamea_project\vendor\yiisoft\yii2\web\Application.php(103): yii\base\Module->runAction('activity/get-al...', Array)
#5 F:\apps\wamp64\www\aphamea_project\vendor\yiisoft\yii2\base\Application.php(384): yii\web\Application->handleRequest(Object(yii\web\Request))
#6 F:\apps\wamp64\www\aphamea_project\web\index.php(12): yii\base\Application->run()
#7 {main}
2022-09-12 12:19:52 [::1][-][-][info][application] $_GET = []

$_POST = []

$_FILES = []

$_COOKIE = []

$_SERVER = [
    'HTTP_HOST' => 'localhost'
    'HTTP_CONNECTION' => 'keep-alive'
    'CONTENT_LENGTH' => '132'
    'HTTP_SEC_CH_UA' => '\"Google Chrome\";v=\"105\", \"Not)A;Brand\";v=\"8\", \"Chromium\";v=\"105\"'
    'HTTP_CACHE_CONTROL' => 'no-cache'
    'CONTENT_TYPE' => 'text/plain;charset=UTF-8'
    'HTTP_SEC_CH_UA_MOBILE' => '?0'
    'HTTP_USER_AGENT' => 'Mozilla/5.0 (Windows NT 10.0; Win64; x64) AppleWebKit/537.36 (KHTML, like Gecko) Chrome/105.0.0.0 Safari/537.36'
    'HTTP_SEC_CH_UA_PLATFORM' => '\"Windows\"'
    'HTTP_POSTMAN_TOKEN' => 'f7df17d8-51c6-45ba-552c-4dc1d7b5327e'
    'HTTP_ACCEPT' => '*/*'
    'HTTP_ORIGIN' => 'chrome-extension://fhbjgbiflinjbdggehcddcbncdddomop'
    'HTTP_SEC_FETCH_SITE' => 'none'
    'HTTP_SEC_FETCH_MODE' => 'cors'
    'HTTP_SEC_FETCH_DEST' => 'empty'
    'HTTP_ACCEPT_ENCODING' => 'gzip, deflate, br'
    'HTTP_ACCEPT_LANGUAGE' => 'en-US,en;q=0.9'
    'PATH' => 'C:\\Program Files (x86)\\Common Files\\Oracle\\Java\\javapath;C:\\Windows\\system32;C:\\Windows;C:\\Windows\\System32\\Wbem;C:\\Windows\\System32\\WindowsPowerShell\\v1.0\\;C:\\Windows\\System32\\OpenSSH\\;C:\\Program Files (x86)\\NVIDIA Corporation\\PhysX\\Common;C:\\Program Files\\NVIDIA Corporation\\NVIDIA NvDLISR;C:\\Users\\USER\\AppData\\Local\\Programs\\Python\\Python310\\;C:\\Users\\USER\\AppData\\Local\\Programs\\Python\\Python310\\Scripts\\;C:\\Program Files\\nodejs\\;C:\\Program Files\\MongoDB\\Server\\5.0\\bin;C:\\Program Files\\MongoDB\\Tools\\100\\bin;F:\\apps\\Git\\cmd;F:\\apps\\xampp\\php;F:\\apps\\xamppp\\php;C:\\ProgramData\\ComposerSetup\\bin;C:\\Program Files\\PuTTY\\;C:\\Windows\\system32\\config\\systemprofile\\AppData\\Local\\Microsoft\\WindowsApps'
    'SystemRoot' => 'C:\\Windows'
    'COMSPEC' => 'C:\\Windows\\system32\\cmd.exe'
    'PATHEXT' => '.COM;.EXE;.BAT;.CMD;.VBS;.VBE;.JS;.JSE;.WSF;.WSH;.MSC'
    'WINDIR' => 'C:\\Windows'
    'SERVER_SIGNATURE' => '<address>Apache/2.4.51 (Win64) PHP/7.4.26 Server at localhost Port 80</address>
'
    'SERVER_SOFTWARE' => 'Apache/2.4.51 (Win64) PHP/7.4.26'
    'SERVER_NAME' => 'localhost'
    'SERVER_ADDR' => '::1'
    'SERVER_PORT' => '80'
    'REMOTE_ADDR' => '::1'
    'DOCUMENT_ROOT' => 'F:/apps/wamp64/www'
    'REQUEST_SCHEME' => 'http'
    'CONTEXT_PREFIX' => ''
    'CONTEXT_DOCUMENT_ROOT' => 'F:/apps/wamp64/www'
    'SERVER_ADMIN' => 'wampserver@wampserver.invalid'
    'SCRIPT_FILENAME' => 'F:/apps/wamp64/www/aphamea_project/web/index.php'
    'REMOTE_PORT' => '7452'
    'GATEWAY_INTERFACE' => 'CGI/1.1'
    'SERVER_PROTOCOL' => 'HTTP/1.1'
    'REQUEST_METHOD' => 'POST'
    'QUERY_STRING' => ''
    'REQUEST_URI' => '/aphamea_project/web/index.php/activity/get-all'
    'SCRIPT_NAME' => '/aphamea_project/web/index.php'
    'PATH_INFO' => '/activity/get-all'
    'PATH_TRANSLATED' => 'F:\\apps\\wamp64\\www\\activity\\get-all'
    'PHP_SELF' => '/aphamea_project/web/index.php/activity/get-all'
    'REQUEST_TIME_FLOAT' => 1662985192.9551
    'REQUEST_TIME' => 1662985192
]
2022-09-12 12:22:37 [::1][-][-][error][Error] Error: Cannot use object of type stdClass as array in F:\apps\wamp64\www\aphamea_project\controllers\ActivityController.php:147
Stack trace:
#0 [internal function]: app\controllers\ActivityController->actionGetAll()
#1 F:\apps\wamp64\www\aphamea_project\vendor\yiisoft\yii2\base\InlineAction.php(57): call_user_func_array(Array, Array)
#2 F:\apps\wamp64\www\aphamea_project\vendor\yiisoft\yii2\base\Controller.php(178): yii\base\InlineAction->runWithParams(Array)
#3 F:\apps\wamp64\www\aphamea_project\vendor\yiisoft\yii2\base\Module.php(552): yii\base\Controller->runAction('get-all', Array)
#4 F:\apps\wamp64\www\aphamea_project\vendor\yiisoft\yii2\web\Application.php(103): yii\base\Module->runAction('activity/get-al...', Array)
#5 F:\apps\wamp64\www\aphamea_project\vendor\yiisoft\yii2\base\Application.php(384): yii\web\Application->handleRequest(Object(yii\web\Request))
#6 F:\apps\wamp64\www\aphamea_project\web\index.php(12): yii\base\Application->run()
#7 {main}
2022-09-12 12:22:37 [::1][-][-][info][application] $_GET = []

$_POST = []

$_FILES = []

$_COOKIE = []

$_SERVER = [
    'HTTP_HOST' => 'localhost'
    'HTTP_CONNECTION' => 'keep-alive'
    'CONTENT_LENGTH' => '138'
    'HTTP_SEC_CH_UA' => '\"Google Chrome\";v=\"105\", \"Not)A;Brand\";v=\"8\", \"Chromium\";v=\"105\"'
    'HTTP_CACHE_CONTROL' => 'no-cache'
    'CONTENT_TYPE' => 'text/plain;charset=UTF-8'
    'HTTP_SEC_CH_UA_MOBILE' => '?0'
    'HTTP_USER_AGENT' => 'Mozilla/5.0 (Windows NT 10.0; Win64; x64) AppleWebKit/537.36 (KHTML, like Gecko) Chrome/105.0.0.0 Safari/537.36'
    'HTTP_SEC_CH_UA_PLATFORM' => '\"Windows\"'
    'HTTP_POSTMAN_TOKEN' => '70120983-dbd1-198b-fe35-8b5e065cfd64'
    'HTTP_ACCEPT' => '*/*'
    'HTTP_ORIGIN' => 'chrome-extension://fhbjgbiflinjbdggehcddcbncdddomop'
    'HTTP_SEC_FETCH_SITE' => 'none'
    'HTTP_SEC_FETCH_MODE' => 'cors'
    'HTTP_SEC_FETCH_DEST' => 'empty'
    'HTTP_ACCEPT_ENCODING' => 'gzip, deflate, br'
    'HTTP_ACCEPT_LANGUAGE' => 'en-US,en;q=0.9'
    'PATH' => 'C:\\Program Files (x86)\\Common Files\\Oracle\\Java\\javapath;C:\\Windows\\system32;C:\\Windows;C:\\Windows\\System32\\Wbem;C:\\Windows\\System32\\WindowsPowerShell\\v1.0\\;C:\\Windows\\System32\\OpenSSH\\;C:\\Program Files (x86)\\NVIDIA Corporation\\PhysX\\Common;C:\\Program Files\\NVIDIA Corporation\\NVIDIA NvDLISR;C:\\Users\\USER\\AppData\\Local\\Programs\\Python\\Python310\\;C:\\Users\\USER\\AppData\\Local\\Programs\\Python\\Python310\\Scripts\\;C:\\Program Files\\nodejs\\;C:\\Program Files\\MongoDB\\Server\\5.0\\bin;C:\\Program Files\\MongoDB\\Tools\\100\\bin;F:\\apps\\Git\\cmd;F:\\apps\\xampp\\php;F:\\apps\\xamppp\\php;C:\\ProgramData\\ComposerSetup\\bin;C:\\Program Files\\PuTTY\\;C:\\Windows\\system32\\config\\systemprofile\\AppData\\Local\\Microsoft\\WindowsApps'
    'SystemRoot' => 'C:\\Windows'
    'COMSPEC' => 'C:\\Windows\\system32\\cmd.exe'
    'PATHEXT' => '.COM;.EXE;.BAT;.CMD;.VBS;.VBE;.JS;.JSE;.WSF;.WSH;.MSC'
    'WINDIR' => 'C:\\Windows'
    'SERVER_SIGNATURE' => '<address>Apache/2.4.51 (Win64) PHP/7.4.26 Server at localhost Port 80</address>
'
    'SERVER_SOFTWARE' => 'Apache/2.4.51 (Win64) PHP/7.4.26'
    'SERVER_NAME' => 'localhost'
    'SERVER_ADDR' => '::1'
    'SERVER_PORT' => '80'
    'REMOTE_ADDR' => '::1'
    'DOCUMENT_ROOT' => 'F:/apps/wamp64/www'
    'REQUEST_SCHEME' => 'http'
    'CONTEXT_PREFIX' => ''
    'CONTEXT_DOCUMENT_ROOT' => 'F:/apps/wamp64/www'
    'SERVER_ADMIN' => 'wampserver@wampserver.invalid'
    'SCRIPT_FILENAME' => 'F:/apps/wamp64/www/aphamea_project/web/index.php'
    'REMOTE_PORT' => '7487'
    'GATEWAY_INTERFACE' => 'CGI/1.1'
    'SERVER_PROTOCOL' => 'HTTP/1.1'
    'REQUEST_METHOD' => 'POST'
    'QUERY_STRING' => ''
    'REQUEST_URI' => '/aphamea_project/web/index.php/activity/get-all'
    'SCRIPT_NAME' => '/aphamea_project/web/index.php'
    'PATH_INFO' => '/activity/get-all'
    'PATH_TRANSLATED' => 'F:\\apps\\wamp64\\www\\activity\\get-all'
    'PHP_SELF' => '/aphamea_project/web/index.php/activity/get-all'
    'REQUEST_TIME_FLOAT' => 1662985357.3127
    'REQUEST_TIME' => 1662985357
]
2022-09-12 12:51:47 [::1][-][-][error][yii\web\HttpException:401] yii\web\UnauthorizedHttpException: Your request was made with invalid credentials. in F:\apps\wamp64\www\aphamea_project\vendor\yiisoft\yii2\filters\auth\AuthMethod.php:93
Stack trace:
#0 F:\apps\wamp64\www\aphamea_project\vendor\yiisoft\yii2\filters\auth\AuthMethod.php(76): yii\filters\auth\AuthMethod->handleFailure(Object(yii\web\Response))
#1 F:\apps\wamp64\www\aphamea_project\vendor\yiisoft\yii2\filters\auth\CompositeAuth.php(57): yii\filters\auth\AuthMethod->beforeAction(Object(yii\base\InlineAction))
#2 F:\apps\wamp64\www\aphamea_project\vendor\yiisoft\yii2\base\ActionFilter.php(77): yii\filters\auth\CompositeAuth->beforeAction(Object(yii\base\InlineAction))
#3 [internal function]: yii\base\ActionFilter->beforeFilter(Object(yii\base\ActionEvent))
#4 F:\apps\wamp64\www\aphamea_project\vendor\yiisoft\yii2\base\Component.php(633): call_user_func(Array, Object(yii\base\ActionEvent))
#5 F:\apps\wamp64\www\aphamea_project\vendor\yiisoft\yii2\base\Controller.php(297): yii\base\Component->trigger('beforeAction', Object(yii\base\ActionEvent))
#6 F:\apps\wamp64\www\aphamea_project\vendor\yiisoft\yii2\web\Controller.php(221): yii\base\Controller->beforeAction(Object(yii\base\InlineAction))
#7 F:\apps\wamp64\www\aphamea_project\controllers\MedicineController.php(78): yii\web\Controller->beforeAction(Object(yii\base\InlineAction))
#8 F:\apps\wamp64\www\aphamea_project\vendor\yiisoft\yii2\base\Controller.php(176): app\controllers\MedicineController->beforeAction(Object(yii\base\InlineAction))
#9 F:\apps\wamp64\www\aphamea_project\vendor\yiisoft\yii2\base\Module.php(552): yii\base\Controller->runAction('get-all', Array)
#10 F:\apps\wamp64\www\aphamea_project\vendor\yiisoft\yii2\web\Application.php(103): yii\base\Module->runAction('medicine/get-al...', Array)
#11 F:\apps\wamp64\www\aphamea_project\vendor\yiisoft\yii2\base\Application.php(384): yii\web\Application->handleRequest(Object(yii\web\Request))
#12 F:\apps\wamp64\www\aphamea_project\web\index.php(12): yii\base\Application->run()
#13 {main}
2022-09-12 12:51:47 [::1][-][-][info][application] $_GET = []

$_POST = []

$_FILES = []

$_COOKIE = []

$_SERVER = [
    'HTTP_HOST' => 'localhost'
    'HTTP_CONNECTION' => 'keep-alive'
    'CONTENT_LENGTH' => '118'
    'HTTP_SEC_CH_UA' => '\"Google Chrome\";v=\"105\", \"Not)A;Brand\";v=\"8\", \"Chromium\";v=\"105\"'
    'HTTP_CACHE_CONTROL' => 'no-cache'
    'CONTENT_TYPE' => 'application/json'
    'HTTP_SEC_CH_UA_MOBILE' => '?0'
    'HTTP_USER_AGENT' => 'Mozilla/5.0 (Windows NT 10.0; Win64; x64) AppleWebKit/537.36 (KHTML, like Gecko) Chrome/105.0.0.0 Safari/537.36'
    'HTTP_SEC_CH_UA_PLATFORM' => '\"Windows\"'
    'HTTP_POSTMAN_TOKEN' => '58a9e98e-036a-e341-7373-bdb14ec74219'
    'HTTP_ACCEPT' => '*/*'
    'HTTP_ORIGIN' => 'chrome-extension://fhbjgbiflinjbdggehcddcbncdddomop'
    'HTTP_SEC_FETCH_SITE' => 'none'
    'HTTP_SEC_FETCH_MODE' => 'cors'
    'HTTP_SEC_FETCH_DEST' => 'empty'
    'HTTP_ACCEPT_ENCODING' => 'gzip, deflate, br'
    'HTTP_ACCEPT_LANGUAGE' => 'en-US,en;q=0.9'
    'PATH' => 'C:\\Program Files (x86)\\Common Files\\Oracle\\Java\\javapath;C:\\Windows\\system32;C:\\Windows;C:\\Windows\\System32\\Wbem;C:\\Windows\\System32\\WindowsPowerShell\\v1.0\\;C:\\Windows\\System32\\OpenSSH\\;C:\\Program Files (x86)\\NVIDIA Corporation\\PhysX\\Common;C:\\Program Files\\NVIDIA Corporation\\NVIDIA NvDLISR;C:\\Users\\USER\\AppData\\Local\\Programs\\Python\\Python310\\;C:\\Users\\USER\\AppData\\Local\\Programs\\Python\\Python310\\Scripts\\;C:\\Program Files\\nodejs\\;C:\\Program Files\\MongoDB\\Server\\5.0\\bin;C:\\Program Files\\MongoDB\\Tools\\100\\bin;F:\\apps\\Git\\cmd;F:\\apps\\xampp\\php;F:\\apps\\xamppp\\php;C:\\ProgramData\\ComposerSetup\\bin;C:\\Program Files\\PuTTY\\;C:\\Windows\\system32\\config\\systemprofile\\AppData\\Local\\Microsoft\\WindowsApps'
    'SystemRoot' => 'C:\\Windows'
    'COMSPEC' => 'C:\\Windows\\system32\\cmd.exe'
    'PATHEXT' => '.COM;.EXE;.BAT;.CMD;.VBS;.VBE;.JS;.JSE;.WSF;.WSH;.MSC'
    'WINDIR' => 'C:\\Windows'
    'SERVER_SIGNATURE' => '<address>Apache/2.4.51 (Win64) PHP/7.4.26 Server at localhost Port 80</address>
'
    'SERVER_SOFTWARE' => 'Apache/2.4.51 (Win64) PHP/7.4.26'
    'SERVER_NAME' => 'localhost'
    'SERVER_ADDR' => '::1'
    'SERVER_PORT' => '80'
    'REMOTE_ADDR' => '::1'
    'DOCUMENT_ROOT' => 'F:/apps/wamp64/www'
    'REQUEST_SCHEME' => 'http'
    'CONTEXT_PREFIX' => ''
    'CONTEXT_DOCUMENT_ROOT' => 'F:/apps/wamp64/www'
    'SERVER_ADMIN' => 'wampserver@wampserver.invalid'
    'SCRIPT_FILENAME' => 'F:/apps/wamp64/www/aphamea_project/web/index.php'
    'REMOTE_PORT' => '6426'
    'GATEWAY_INTERFACE' => 'CGI/1.1'
    'SERVER_PROTOCOL' => 'HTTP/1.1'
    'REQUEST_METHOD' => 'POST'
    'QUERY_STRING' => ''
    'REQUEST_URI' => '/aphamea_project/web/index.php/medicine/get-all'
    'SCRIPT_NAME' => '/aphamea_project/web/index.php'
    'PATH_INFO' => '/medicine/get-all'
    'PATH_TRANSLATED' => 'F:\\apps\\wamp64\\www\\medicine\\get-all'
    'PHP_SELF' => '/aphamea_project/web/index.php/medicine/get-all'
    'REQUEST_TIME_FLOAT' => 1662987107.6577
    'REQUEST_TIME' => 1662987107
]
2022-09-12 12:53:22 [::1][-][-][error][yii\web\HttpException:401] yii\web\UnauthorizedHttpException: Your request was made with invalid credentials. in F:\apps\wamp64\www\aphamea_project\vendor\yiisoft\yii2\filters\auth\AuthMethod.php:93
Stack trace:
#0 F:\apps\wamp64\www\aphamea_project\vendor\yiisoft\yii2\filters\auth\AuthMethod.php(76): yii\filters\auth\AuthMethod->handleFailure(Object(yii\web\Response))
#1 F:\apps\wamp64\www\aphamea_project\vendor\yiisoft\yii2\filters\auth\CompositeAuth.php(57): yii\filters\auth\AuthMethod->beforeAction(Object(yii\base\InlineAction))
#2 F:\apps\wamp64\www\aphamea_project\vendor\yiisoft\yii2\base\ActionFilter.php(77): yii\filters\auth\CompositeAuth->beforeAction(Object(yii\base\InlineAction))
#3 [internal function]: yii\base\ActionFilter->beforeFilter(Object(yii\base\ActionEvent))
#4 F:\apps\wamp64\www\aphamea_project\vendor\yiisoft\yii2\base\Component.php(633): call_user_func(Array, Object(yii\base\ActionEvent))
#5 F:\apps\wamp64\www\aphamea_project\vendor\yiisoft\yii2\base\Controller.php(297): yii\base\Component->trigger('beforeAction', Object(yii\base\ActionEvent))
#6 F:\apps\wamp64\www\aphamea_project\vendor\yiisoft\yii2\web\Controller.php(221): yii\base\Controller->beforeAction(Object(yii\base\InlineAction))
#7 F:\apps\wamp64\www\aphamea_project\controllers\PharmaceuticalFormController.php(74): yii\web\Controller->beforeAction(Object(yii\base\InlineAction))
#8 F:\apps\wamp64\www\aphamea_project\vendor\yiisoft\yii2\base\Controller.php(176): app\controllers\PharmaceuticalFormController->beforeAction(Object(yii\base\InlineAction))
#9 F:\apps\wamp64\www\aphamea_project\vendor\yiisoft\yii2\base\Module.php(552): yii\base\Controller->runAction('add', Array)
#10 F:\apps\wamp64\www\aphamea_project\vendor\yiisoft\yii2\web\Application.php(103): yii\base\Module->runAction('pharmaceutical-...', Array)
#11 F:\apps\wamp64\www\aphamea_project\vendor\yiisoft\yii2\base\Application.php(384): yii\web\Application->handleRequest(Object(yii\web\Request))
#12 F:\apps\wamp64\www\aphamea_project\web\index.php(12): yii\base\Application->run()
#13 {main}
2022-09-12 12:53:22 [::1][-][-][info][application] $_GET = []

$_POST = []

$_FILES = []

$_COOKIE = []

$_SERVER = [
    'HTTP_HOST' => 'localhost'
    'HTTP_CONNECTION' => 'keep-alive'
    'CONTENT_LENGTH' => '177'
    'HTTP_SEC_CH_UA' => '\"Google Chrome\";v=\"105\", \"Not)A;Brand\";v=\"8\", \"Chromium\";v=\"105\"'
    'HTTP_CACHE_CONTROL' => 'no-cache'
    'CONTENT_TYPE' => 'text/plain;charset=UTF-8'
    'HTTP_SEC_CH_UA_MOBILE' => '?0'
    'HTTP_USER_AGENT' => 'Mozilla/5.0 (Windows NT 10.0; Win64; x64) AppleWebKit/537.36 (KHTML, like Gecko) Chrome/105.0.0.0 Safari/537.36'
    'HTTP_SEC_CH_UA_PLATFORM' => '\"Windows\"'
    'HTTP_POSTMAN_TOKEN' => '797a949c-8a5a-ab08-9587-a8f98b97b4b1'
    'HTTP_ACCEPT' => '*/*'
    'HTTP_ORIGIN' => 'chrome-extension://fhbjgbiflinjbdggehcddcbncdddomop'
    'HTTP_SEC_FETCH_SITE' => 'none'
    'HTTP_SEC_FETCH_MODE' => 'cors'
    'HTTP_SEC_FETCH_DEST' => 'empty'
    'HTTP_ACCEPT_ENCODING' => 'gzip, deflate, br'
    'HTTP_ACCEPT_LANGUAGE' => 'en-US,en;q=0.9'
    'PATH' => 'C:\\Program Files (x86)\\Common Files\\Oracle\\Java\\javapath;C:\\Windows\\system32;C:\\Windows;C:\\Windows\\System32\\Wbem;C:\\Windows\\System32\\WindowsPowerShell\\v1.0\\;C:\\Windows\\System32\\OpenSSH\\;C:\\Program Files (x86)\\NVIDIA Corporation\\PhysX\\Common;C:\\Program Files\\NVIDIA Corporation\\NVIDIA NvDLISR;C:\\Users\\USER\\AppData\\Local\\Programs\\Python\\Python310\\;C:\\Users\\USER\\AppData\\Local\\Programs\\Python\\Python310\\Scripts\\;C:\\Program Files\\nodejs\\;C:\\Program Files\\MongoDB\\Server\\5.0\\bin;C:\\Program Files\\MongoDB\\Tools\\100\\bin;F:\\apps\\Git\\cmd;F:\\apps\\xampp\\php;F:\\apps\\xamppp\\php;C:\\ProgramData\\ComposerSetup\\bin;C:\\Program Files\\PuTTY\\;C:\\Windows\\system32\\config\\systemprofile\\AppData\\Local\\Microsoft\\WindowsApps'
    'SystemRoot' => 'C:\\Windows'
    'COMSPEC' => 'C:\\Windows\\system32\\cmd.exe'
    'PATHEXT' => '.COM;.EXE;.BAT;.CMD;.VBS;.VBE;.JS;.JSE;.WSF;.WSH;.MSC'
    'WINDIR' => 'C:\\Windows'
    'SERVER_SIGNATURE' => '<address>Apache/2.4.51 (Win64) PHP/7.4.26 Server at localhost Port 80</address>
'
    'SERVER_SOFTWARE' => 'Apache/2.4.51 (Win64) PHP/7.4.26'
    'SERVER_NAME' => 'localhost'
    'SERVER_ADDR' => '::1'
    'SERVER_PORT' => '80'
    'REMOTE_ADDR' => '::1'
    'DOCUMENT_ROOT' => 'F:/apps/wamp64/www'
    'REQUEST_SCHEME' => 'http'
    'CONTEXT_PREFIX' => ''
    'CONTEXT_DOCUMENT_ROOT' => 'F:/apps/wamp64/www'
    'SERVER_ADMIN' => 'wampserver@wampserver.invalid'
    'SCRIPT_FILENAME' => 'F:/apps/wamp64/www/aphamea_project/web/index.php'
    'REMOTE_PORT' => '6444'
    'GATEWAY_INTERFACE' => 'CGI/1.1'
    'SERVER_PROTOCOL' => 'HTTP/1.1'
    'REQUEST_METHOD' => 'POST'
    'QUERY_STRING' => ''
    'REQUEST_URI' => '/aphamea_project/web/index.php/pharmaceutical-form/add'
    'SCRIPT_NAME' => '/aphamea_project/web/index.php'
    'PATH_INFO' => '/pharmaceutical-form/add'
    'PATH_TRANSLATED' => 'F:\\apps\\wamp64\\www\\pharmaceutical-form\\add'
    'PHP_SELF' => '/aphamea_project/web/index.php/pharmaceutical-form/add'
    'REQUEST_TIME_FLOAT' => 1662987202.0861
    'REQUEST_TIME' => 1662987202
]
2022-09-12 12:56:36 [::1][-][-][error][yii\web\HttpException:401] yii\web\UnauthorizedHttpException: Your request was made with invalid credentials. in F:\apps\wamp64\www\aphamea_project\vendor\yiisoft\yii2\filters\auth\AuthMethod.php:93
Stack trace:
#0 F:\apps\wamp64\www\aphamea_project\vendor\yiisoft\yii2\filters\auth\AuthMethod.php(76): yii\filters\auth\AuthMethod->handleFailure(Object(yii\web\Response))
#1 F:\apps\wamp64\www\aphamea_project\vendor\yiisoft\yii2\filters\auth\CompositeAuth.php(57): yii\filters\auth\AuthMethod->beforeAction(Object(yii\base\InlineAction))
#2 F:\apps\wamp64\www\aphamea_project\vendor\yiisoft\yii2\base\ActionFilter.php(77): yii\filters\auth\CompositeAuth->beforeAction(Object(yii\base\InlineAction))
#3 [internal function]: yii\base\ActionFilter->beforeFilter(Object(yii\base\ActionEvent))
#4 F:\apps\wamp64\www\aphamea_project\vendor\yiisoft\yii2\base\Component.php(633): call_user_func(Array, Object(yii\base\ActionEvent))
#5 F:\apps\wamp64\www\aphamea_project\vendor\yiisoft\yii2\base\Controller.php(297): yii\base\Component->trigger('beforeAction', Object(yii\base\ActionEvent))
#6 F:\apps\wamp64\www\aphamea_project\vendor\yiisoft\yii2\web\Controller.php(221): yii\base\Controller->beforeAction(Object(yii\base\InlineAction))
#7 F:\apps\wamp64\www\aphamea_project\controllers\CategoryController.php(74): yii\web\Controller->beforeAction(Object(yii\base\InlineAction))
#8 F:\apps\wamp64\www\aphamea_project\vendor\yiisoft\yii2\base\Controller.php(176): app\controllers\CategoryController->beforeAction(Object(yii\base\InlineAction))
#9 F:\apps\wamp64\www\aphamea_project\vendor\yiisoft\yii2\base\Module.php(552): yii\base\Controller->runAction('add', Array)
#10 F:\apps\wamp64\www\aphamea_project\vendor\yiisoft\yii2\web\Application.php(103): yii\base\Module->runAction('category/add', Array)
#11 F:\apps\wamp64\www\aphamea_project\vendor\yiisoft\yii2\base\Application.php(384): yii\web\Application->handleRequest(Object(yii\web\Request))
#12 F:\apps\wamp64\www\aphamea_project\web\index.php(12): yii\base\Application->run()
#13 {main}
2022-09-12 12:56:36 [::1][-][-][info][application] $_GET = []

$_POST = []

$_FILES = []

$_COOKIE = []

$_SERVER = [
    'HTTP_HOST' => 'localhost'
    'HTTP_CONNECTION' => 'keep-alive'
    'CONTENT_LENGTH' => '81'
    'HTTP_SEC_CH_UA' => '\"Google Chrome\";v=\"105\", \"Not)A;Brand\";v=\"8\", \"Chromium\";v=\"105\"'
    'HTTP_CACHE_CONTROL' => 'no-cache'
    'CONTENT_TYPE' => 'text/plain;charset=UTF-8'
    'HTTP_SEC_CH_UA_MOBILE' => '?0'
    'HTTP_USER_AGENT' => 'Mozilla/5.0 (Windows NT 10.0; Win64; x64) AppleWebKit/537.36 (KHTML, like Gecko) Chrome/105.0.0.0 Safari/537.36'
    'HTTP_SEC_CH_UA_PLATFORM' => '\"Windows\"'
    'HTTP_POSTMAN_TOKEN' => '73bae069-e6d2-3cea-fd9f-5ca84a7e63d5'
    'HTTP_ACCEPT' => '*/*'
    'HTTP_ORIGIN' => 'chrome-extension://fhbjgbiflinjbdggehcddcbncdddomop'
    'HTTP_SEC_FETCH_SITE' => 'none'
    'HTTP_SEC_FETCH_MODE' => 'cors'
    'HTTP_SEC_FETCH_DEST' => 'empty'
    'HTTP_ACCEPT_ENCODING' => 'gzip, deflate, br'
    'HTTP_ACCEPT_LANGUAGE' => 'en-US,en;q=0.9'
    'PATH' => 'C:\\Program Files (x86)\\Common Files\\Oracle\\Java\\javapath;C:\\Windows\\system32;C:\\Windows;C:\\Windows\\System32\\Wbem;C:\\Windows\\System32\\WindowsPowerShell\\v1.0\\;C:\\Windows\\System32\\OpenSSH\\;C:\\Program Files (x86)\\NVIDIA Corporation\\PhysX\\Common;C:\\Program Files\\NVIDIA Corporation\\NVIDIA NvDLISR;C:\\Users\\USER\\AppData\\Local\\Programs\\Python\\Python310\\;C:\\Users\\USER\\AppData\\Local\\Programs\\Python\\Python310\\Scripts\\;C:\\Program Files\\nodejs\\;C:\\Program Files\\MongoDB\\Server\\5.0\\bin;C:\\Program Files\\MongoDB\\Tools\\100\\bin;F:\\apps\\Git\\cmd;F:\\apps\\xampp\\php;F:\\apps\\xamppp\\php;C:\\ProgramData\\ComposerSetup\\bin;C:\\Program Files\\PuTTY\\;C:\\Windows\\system32\\config\\systemprofile\\AppData\\Local\\Microsoft\\WindowsApps'
    'SystemRoot' => 'C:\\Windows'
    'COMSPEC' => 'C:\\Windows\\system32\\cmd.exe'
    'PATHEXT' => '.COM;.EXE;.BAT;.CMD;.VBS;.VBE;.JS;.JSE;.WSF;.WSH;.MSC'
    'WINDIR' => 'C:\\Windows'
    'SERVER_SIGNATURE' => '<address>Apache/2.4.51 (Win64) PHP/7.4.26 Server at localhost Port 80</address>
'
    'SERVER_SOFTWARE' => 'Apache/2.4.51 (Win64) PHP/7.4.26'
    'SERVER_NAME' => 'localhost'
    'SERVER_ADDR' => '::1'
    'SERVER_PORT' => '80'
    'REMOTE_ADDR' => '::1'
    'DOCUMENT_ROOT' => 'F:/apps/wamp64/www'
    'REQUEST_SCHEME' => 'http'
    'CONTEXT_PREFIX' => ''
    'CONTEXT_DOCUMENT_ROOT' => 'F:/apps/wamp64/www'
    'SERVER_ADMIN' => 'wampserver@wampserver.invalid'
    'SCRIPT_FILENAME' => 'F:/apps/wamp64/www/aphamea_project/web/index.php'
    'REMOTE_PORT' => '6489'
    'GATEWAY_INTERFACE' => 'CGI/1.1'
    'SERVER_PROTOCOL' => 'HTTP/1.1'
    'REQUEST_METHOD' => 'POST'
    'QUERY_STRING' => ''
    'REQUEST_URI' => '/aphamea_project/web/index.php/category/add'
    'SCRIPT_NAME' => '/aphamea_project/web/index.php'
    'PATH_INFO' => '/category/add'
    'PATH_TRANSLATED' => 'F:\\apps\\wamp64\\www\\category\\add'
    'PHP_SELF' => '/aphamea_project/web/index.php/category/add'
    'REQUEST_TIME_FLOAT' => 1662987396.0285
    'REQUEST_TIME' => 1662987396
]
2022-09-12 12:56:36 [::1][-][-][error][yii\web\HttpException:401] yii\web\UnauthorizedHttpException: Your request was made with invalid credentials. in F:\apps\wamp64\www\aphamea_project\vendor\yiisoft\yii2\filters\auth\AuthMethod.php:93
Stack trace:
#0 F:\apps\wamp64\www\aphamea_project\vendor\yiisoft\yii2\filters\auth\AuthMethod.php(76): yii\filters\auth\AuthMethod->handleFailure(Object(yii\web\Response))
#1 F:\apps\wamp64\www\aphamea_project\vendor\yiisoft\yii2\filters\auth\CompositeAuth.php(57): yii\filters\auth\AuthMethod->beforeAction(Object(yii\base\InlineAction))
#2 F:\apps\wamp64\www\aphamea_project\vendor\yiisoft\yii2\base\ActionFilter.php(77): yii\filters\auth\CompositeAuth->beforeAction(Object(yii\base\InlineAction))
#3 [internal function]: yii\base\ActionFilter->beforeFilter(Object(yii\base\ActionEvent))
#4 F:\apps\wamp64\www\aphamea_project\vendor\yiisoft\yii2\base\Component.php(633): call_user_func(Array, Object(yii\base\ActionEvent))
#5 F:\apps\wamp64\www\aphamea_project\vendor\yiisoft\yii2\base\Controller.php(297): yii\base\Component->trigger('beforeAction', Object(yii\base\ActionEvent))
#6 F:\apps\wamp64\www\aphamea_project\vendor\yiisoft\yii2\web\Controller.php(221): yii\base\Controller->beforeAction(Object(yii\base\InlineAction))
#7 F:\apps\wamp64\www\aphamea_project\controllers\CategoryController.php(74): yii\web\Controller->beforeAction(Object(yii\base\InlineAction))
#8 F:\apps\wamp64\www\aphamea_project\vendor\yiisoft\yii2\base\Controller.php(176): app\controllers\CategoryController->beforeAction(Object(yii\base\InlineAction))
#9 F:\apps\wamp64\www\aphamea_project\vendor\yiisoft\yii2\base\Module.php(552): yii\base\Controller->runAction('add', Array)
#10 F:\apps\wamp64\www\aphamea_project\vendor\yiisoft\yii2\web\Application.php(103): yii\base\Module->runAction('category/add', Array)
#11 F:\apps\wamp64\www\aphamea_project\vendor\yiisoft\yii2\base\Application.php(384): yii\web\Application->handleRequest(Object(yii\web\Request))
#12 F:\apps\wamp64\www\aphamea_project\web\index.php(12): yii\base\Application->run()
#13 {main}
2022-09-12 12:56:36 [::1][-][-][info][application] $_GET = []

$_POST = []

$_FILES = []

$_COOKIE = []

$_SERVER = [
    'HTTP_HOST' => 'localhost'
    'HTTP_CONNECTION' => 'keep-alive'
    'CONTENT_LENGTH' => '81'
    'HTTP_SEC_CH_UA' => '\"Google Chrome\";v=\"105\", \"Not)A;Brand\";v=\"8\", \"Chromium\";v=\"105\"'
    'HTTP_CACHE_CONTROL' => 'no-cache'
    'CONTENT_TYPE' => 'text/plain;charset=UTF-8'
    'HTTP_SEC_CH_UA_MOBILE' => '?0'
    'HTTP_USER_AGENT' => 'Mozilla/5.0 (Windows NT 10.0; Win64; x64) AppleWebKit/537.36 (KHTML, like Gecko) Chrome/105.0.0.0 Safari/537.36'
    'HTTP_SEC_CH_UA_PLATFORM' => '\"Windows\"'
    'HTTP_POSTMAN_TOKEN' => '31193172-0dd9-5591-bbff-283d51233569'
    'HTTP_ACCEPT' => '*/*'
    'HTTP_ORIGIN' => 'chrome-extension://fhbjgbiflinjbdggehcddcbncdddomop'
    'HTTP_SEC_FETCH_SITE' => 'none'
    'HTTP_SEC_FETCH_MODE' => 'cors'
    'HTTP_SEC_FETCH_DEST' => 'empty'
    'HTTP_ACCEPT_ENCODING' => 'gzip, deflate, br'
    'HTTP_ACCEPT_LANGUAGE' => 'en-US,en;q=0.9'
    'PATH' => 'C:\\Program Files (x86)\\Common Files\\Oracle\\Java\\javapath;C:\\Windows\\system32;C:\\Windows;C:\\Windows\\System32\\Wbem;C:\\Windows\\System32\\WindowsPowerShell\\v1.0\\;C:\\Windows\\System32\\OpenSSH\\;C:\\Program Files (x86)\\NVIDIA Corporation\\PhysX\\Common;C:\\Program Files\\NVIDIA Corporation\\NVIDIA NvDLISR;C:\\Users\\USER\\AppData\\Local\\Programs\\Python\\Python310\\;C:\\Users\\USER\\AppData\\Local\\Programs\\Python\\Python310\\Scripts\\;C:\\Program Files\\nodejs\\;C:\\Program Files\\MongoDB\\Server\\5.0\\bin;C:\\Program Files\\MongoDB\\Tools\\100\\bin;F:\\apps\\Git\\cmd;F:\\apps\\xampp\\php;F:\\apps\\xamppp\\php;C:\\ProgramData\\ComposerSetup\\bin;C:\\Program Files\\PuTTY\\;C:\\Windows\\system32\\config\\systemprofile\\AppData\\Local\\Microsoft\\WindowsApps'
    'SystemRoot' => 'C:\\Windows'
    'COMSPEC' => 'C:\\Windows\\system32\\cmd.exe'
    'PATHEXT' => '.COM;.EXE;.BAT;.CMD;.VBS;.VBE;.JS;.JSE;.WSF;.WSH;.MSC'
    'WINDIR' => 'C:\\Windows'
    'SERVER_SIGNATURE' => '<address>Apache/2.4.51 (Win64) PHP/7.4.26 Server at localhost Port 80</address>
'
    'SERVER_SOFTWARE' => 'Apache/2.4.51 (Win64) PHP/7.4.26'
    'SERVER_NAME' => 'localhost'
    'SERVER_ADDR' => '::1'
    'SERVER_PORT' => '80'
    'REMOTE_ADDR' => '::1'
    'DOCUMENT_ROOT' => 'F:/apps/wamp64/www'
    'REQUEST_SCHEME' => 'http'
    'CONTEXT_PREFIX' => ''
    'CONTEXT_DOCUMENT_ROOT' => 'F:/apps/wamp64/www'
    'SERVER_ADMIN' => 'wampserver@wampserver.invalid'
    'SCRIPT_FILENAME' => 'F:/apps/wamp64/www/aphamea_project/web/index.php'
    'REMOTE_PORT' => '6489'
    'GATEWAY_INTERFACE' => 'CGI/1.1'
    'SERVER_PROTOCOL' => 'HTTP/1.1'
    'REQUEST_METHOD' => 'POST'
    'QUERY_STRING' => ''
    'REQUEST_URI' => '/aphamea_project/web/index.php/category/add'
    'SCRIPT_NAME' => '/aphamea_project/web/index.php'
    'PATH_INFO' => '/category/add'
    'PATH_TRANSLATED' => 'F:\\apps\\wamp64\\www\\category\\add'
    'PHP_SELF' => '/aphamea_project/web/index.php/category/add'
    'REQUEST_TIME_FLOAT' => 1662987396.1581
    'REQUEST_TIME' => 1662987396
]
2022-09-12 12:56:36 [::1][-][-][error][yii\web\HttpException:401] yii\web\UnauthorizedHttpException: Your request was made with invalid credentials. in F:\apps\wamp64\www\aphamea_project\vendor\yiisoft\yii2\filters\auth\AuthMethod.php:93
Stack trace:
#0 F:\apps\wamp64\www\aphamea_project\vendor\yiisoft\yii2\filters\auth\AuthMethod.php(76): yii\filters\auth\AuthMethod->handleFailure(Object(yii\web\Response))
#1 F:\apps\wamp64\www\aphamea_project\vendor\yiisoft\yii2\filters\auth\CompositeAuth.php(57): yii\filters\auth\AuthMethod->beforeAction(Object(yii\base\InlineAction))
#2 F:\apps\wamp64\www\aphamea_project\vendor\yiisoft\yii2\base\ActionFilter.php(77): yii\filters\auth\CompositeAuth->beforeAction(Object(yii\base\InlineAction))
#3 [internal function]: yii\base\ActionFilter->beforeFilter(Object(yii\base\ActionEvent))
#4 F:\apps\wamp64\www\aphamea_project\vendor\yiisoft\yii2\base\Component.php(633): call_user_func(Array, Object(yii\base\ActionEvent))
#5 F:\apps\wamp64\www\aphamea_project\vendor\yiisoft\yii2\base\Controller.php(297): yii\base\Component->trigger('beforeAction', Object(yii\base\ActionEvent))
#6 F:\apps\wamp64\www\aphamea_project\vendor\yiisoft\yii2\web\Controller.php(221): yii\base\Controller->beforeAction(Object(yii\base\InlineAction))
#7 F:\apps\wamp64\www\aphamea_project\controllers\CategoryController.php(74): yii\web\Controller->beforeAction(Object(yii\base\InlineAction))
#8 F:\apps\wamp64\www\aphamea_project\vendor\yiisoft\yii2\base\Controller.php(176): app\controllers\CategoryController->beforeAction(Object(yii\base\InlineAction))
#9 F:\apps\wamp64\www\aphamea_project\vendor\yiisoft\yii2\base\Module.php(552): yii\base\Controller->runAction('add', Array)
#10 F:\apps\wamp64\www\aphamea_project\vendor\yiisoft\yii2\web\Application.php(103): yii\base\Module->runAction('category/add', Array)
#11 F:\apps\wamp64\www\aphamea_project\vendor\yiisoft\yii2\base\Application.php(384): yii\web\Application->handleRequest(Object(yii\web\Request))
#12 F:\apps\wamp64\www\aphamea_project\web\index.php(12): yii\base\Application->run()
#13 {main}
2022-09-12 12:56:36 [::1][-][-][info][application] $_GET = []

$_POST = []

$_FILES = []

$_COOKIE = []

$_SERVER = [
    'HTTP_HOST' => 'localhost'
    'HTTP_CONNECTION' => 'keep-alive'
    'CONTENT_LENGTH' => '81'
    'HTTP_SEC_CH_UA' => '\"Google Chrome\";v=\"105\", \"Not)A;Brand\";v=\"8\", \"Chromium\";v=\"105\"'
    'HTTP_CACHE_CONTROL' => 'no-cache'
    'CONTENT_TYPE' => 'text/plain;charset=UTF-8'
    'HTTP_SEC_CH_UA_MOBILE' => '?0'
    'HTTP_USER_AGENT' => 'Mozilla/5.0 (Windows NT 10.0; Win64; x64) AppleWebKit/537.36 (KHTML, like Gecko) Chrome/105.0.0.0 Safari/537.36'
    'HTTP_SEC_CH_UA_PLATFORM' => '\"Windows\"'
    'HTTP_POSTMAN_TOKEN' => '9d148f8a-4070-1ef7-3e48-a8ca894eb210'
    'HTTP_ACCEPT' => '*/*'
    'HTTP_ORIGIN' => 'chrome-extension://fhbjgbiflinjbdggehcddcbncdddomop'
    'HTTP_SEC_FETCH_SITE' => 'none'
    'HTTP_SEC_FETCH_MODE' => 'cors'
    'HTTP_SEC_FETCH_DEST' => 'empty'
    'HTTP_ACCEPT_ENCODING' => 'gzip, deflate, br'
    'HTTP_ACCEPT_LANGUAGE' => 'en-US,en;q=0.9'
    'PATH' => 'C:\\Program Files (x86)\\Common Files\\Oracle\\Java\\javapath;C:\\Windows\\system32;C:\\Windows;C:\\Windows\\System32\\Wbem;C:\\Windows\\System32\\WindowsPowerShell\\v1.0\\;C:\\Windows\\System32\\OpenSSH\\;C:\\Program Files (x86)\\NVIDIA Corporation\\PhysX\\Common;C:\\Program Files\\NVIDIA Corporation\\NVIDIA NvDLISR;C:\\Users\\USER\\AppData\\Local\\Programs\\Python\\Python310\\;C:\\Users\\USER\\AppData\\Local\\Programs\\Python\\Python310\\Scripts\\;C:\\Program Files\\nodejs\\;C:\\Program Files\\MongoDB\\Server\\5.0\\bin;C:\\Program Files\\MongoDB\\Tools\\100\\bin;F:\\apps\\Git\\cmd;F:\\apps\\xampp\\php;F:\\apps\\xamppp\\php;C:\\ProgramData\\ComposerSetup\\bin;C:\\Program Files\\PuTTY\\;C:\\Windows\\system32\\config\\systemprofile\\AppData\\Local\\Microsoft\\WindowsApps'
    'SystemRoot' => 'C:\\Windows'
    'COMSPEC' => 'C:\\Windows\\system32\\cmd.exe'
    'PATHEXT' => '.COM;.EXE;.BAT;.CMD;.VBS;.VBE;.JS;.JSE;.WSF;.WSH;.MSC'
    'WINDIR' => 'C:\\Windows'
    'SERVER_SIGNATURE' => '<address>Apache/2.4.51 (Win64) PHP/7.4.26 Server at localhost Port 80</address>
'
    'SERVER_SOFTWARE' => 'Apache/2.4.51 (Win64) PHP/7.4.26'
    'SERVER_NAME' => 'localhost'
    'SERVER_ADDR' => '::1'
    'SERVER_PORT' => '80'
    'REMOTE_ADDR' => '::1'
    'DOCUMENT_ROOT' => 'F:/apps/wamp64/www'
    'REQUEST_SCHEME' => 'http'
    'CONTEXT_PREFIX' => ''
    'CONTEXT_DOCUMENT_ROOT' => 'F:/apps/wamp64/www'
    'SERVER_ADMIN' => 'wampserver@wampserver.invalid'
    'SCRIPT_FILENAME' => 'F:/apps/wamp64/www/aphamea_project/web/index.php'
    'REMOTE_PORT' => '6489'
    'GATEWAY_INTERFACE' => 'CGI/1.1'
    'SERVER_PROTOCOL' => 'HTTP/1.1'
    'REQUEST_METHOD' => 'POST'
    'QUERY_STRING' => ''
    'REQUEST_URI' => '/aphamea_project/web/index.php/category/add'
    'SCRIPT_NAME' => '/aphamea_project/web/index.php'
    'PATH_INFO' => '/category/add'
    'PATH_TRANSLATED' => 'F:\\apps\\wamp64\\www\\category\\add'
    'PHP_SELF' => '/aphamea_project/web/index.php/category/add'
    'REQUEST_TIME_FLOAT' => 1662987396.3321
    'REQUEST_TIME' => 1662987396
]
